<?xml version="1.0" encoding="UTF-8"?>
<coverage generated="1703027255571" clover="3.2.0">
  <project timestamp="1703027255571" name="All files">
    <metrics statements="228" coveredstatements="221" conditionals="79" coveredconditionals="59" methods="85" coveredmethods="79" elements="392" coveredelements="359" complexity="0" loc="228" ncloc="228" packages="21" files="22" classes="22"/>
    <package name="src">
      <metrics statements="9" coveredstatements="8" conditionals="4" coveredconditionals="3" methods="4" coveredmethods="4"/>
      <file name="App.tsx" path="/home/staviasz/Desktop/projetos jose/libs_projeto_final/src/App.tsx">
        <metrics statements="8" coveredstatements="8" conditionals="4" coveredconditionals="3" methods="4" coveredmethods="4"/>
        <line num="13" count="3" type="stmt"/>
        <line num="15" count="3" type="stmt"/>
        <line num="16" count="2" type="stmt"/>
        <line num="17" count="2" type="cond" truecount="1" falsecount="1"/>
        <line num="20" count="3" type="stmt"/>
        <line num="21" count="1" type="stmt"/>
        <line num="22" count="1" type="stmt"/>
        <line num="25" count="3" type="stmt"/>
      </file>
      <file name="main.tsx" path="/home/staviasz/Desktop/projetos jose/libs_projeto_final/src/main.tsx">
        <metrics statements="1" coveredstatements="0" conditionals="0" coveredconditionals="0" methods="0" coveredmethods="0"/>
        <line num="5" count="0" type="stmt"/>
      </file>
    </package>
    <package name="src.components.Anotations">
      <metrics statements="29" coveredstatements="29" conditionals="18" coveredconditionals="16" methods="6" coveredmethods="6"/>
      <file name="index.tsx" path="/home/staviasz/Desktop/projetos jose/libs_projeto_final/src/components/Anotations/index.tsx">
        <metrics statements="29" coveredstatements="29" conditionals="18" coveredconditionals="16" methods="6" coveredmethods="6"/>
        <line num="11" count="30" type="stmt"/>
        <line num="12" count="30" type="stmt"/>
        <line num="13" count="30" type="stmt"/>
        <line num="14" count="30" type="stmt"/>
        <line num="15" count="30" type="stmt"/>
        <line num="16" count="30" type="stmt"/>
        <line num="18" count="30" type="stmt"/>
        <line num="20" count="30" type="stmt"/>
        <line num="21" count="17" type="cond" truecount="2" falsecount="0"/>
        <line num="22" count="14" type="stmt"/>
        <line num="23" count="14" type="cond" truecount="2" falsecount="0"/>
        <line num="24" count="7" type="stmt"/>
        <line num="26" count="7" type="stmt"/>
        <line num="28" count="14" type="cond" truecount="2" falsecount="0"/>
        <line num="29" count="13" type="stmt"/>
        <line num="31" count="1" type="stmt"/>
        <line num="36" count="30" type="stmt"/>
        <line num="37" count="1" type="cond" truecount="3" falsecount="1"/>
        <line num="38" count="1" type="stmt"/>
        <line num="39" count="1" type="stmt"/>
        <line num="42" count="30" type="stmt"/>
        <line num="43" count="1" type="cond" truecount="3" falsecount="1"/>
        <line num="44" count="1" type="stmt"/>
        <line num="45" count="1" type="stmt"/>
        <line num="49" count="30" type="stmt"/>
        <line num="50" count="1" type="stmt"/>
        <line num="51" count="1" type="stmt"/>
        <line num="54" count="30" type="stmt"/>
        <line num="60" count="50" type="stmt"/>
      </file>
    </package>
    <package name="src.components.CardAnotation">
      <metrics statements="24" coveredstatements="24" conditionals="6" coveredconditionals="5" methods="9" coveredmethods="9"/>
      <file name="index.tsx" path="/home/staviasz/Desktop/projetos jose/libs_projeto_final/src/components/CardAnotation/index.tsx">
        <metrics statements="24" coveredstatements="24" conditionals="6" coveredconditionals="5" methods="9" coveredmethods="9"/>
        <line num="23" count="50" type="stmt"/>
        <line num="24" count="50" type="stmt"/>
        <line num="25" count="50" type="stmt"/>
        <line num="26" count="50" type="stmt"/>
        <line num="28" count="50" type="stmt"/>
        <line num="29" count="1" type="stmt"/>
        <line num="39" count="1" type="stmt"/>
        <line num="40" count="1" type="stmt"/>
        <line num="43" count="50" type="stmt"/>
        <line num="44" count="1" type="stmt"/>
        <line num="45" count="1" type="cond" truecount="1" falsecount="1"/>
        <line num="46" count="1" type="stmt"/>
        <line num="48" count="1" type="stmt"/>
        <line num="50" count="1" type="stmt"/>
        <line num="51" count="1" type="stmt"/>
        <line num="54" count="50" type="stmt"/>
        <line num="55" count="7" type="stmt"/>
        <line num="56" count="1" type="stmt"/>
        <line num="59" count="50" type="stmt"/>
        <line num="60" count="200" type="stmt"/>
        <line num="62" count="50" type="stmt"/>
        <line num="63" count="50" type="stmt"/>
        <line num="66" count="50" type="stmt"/>
        <line num="104" count="1" type="stmt"/>
      </file>
    </package>
    <package name="src.components.CardDetail">
      <metrics statements="10" coveredstatements="9" conditionals="4" coveredconditionals="2" methods="4" coveredmethods="3"/>
      <file name="index.tsx" path="/home/staviasz/Desktop/projetos jose/libs_projeto_final/src/components/CardDetail/index.tsx">
        <metrics statements="10" coveredstatements="9" conditionals="4" coveredconditionals="2" methods="4" coveredmethods="3"/>
        <line num="9" count="3" type="stmt"/>
        <line num="10" count="3" type="stmt"/>
        <line num="12" count="3" type="stmt"/>
        <line num="13" count="0" type="stmt"/>
        <line num="16" count="3" type="stmt"/>
        <line num="18" count="3" type="stmt"/>
        <line num="19" count="12" type="stmt"/>
        <line num="21" count="3" type="stmt"/>
        <line num="22" count="12" type="stmt"/>
        <line num="24" count="3" type="stmt"/>
      </file>
    </package>
    <package name="src.components.ChangeTheme">
      <metrics statements="1" coveredstatements="1" conditionals="2" coveredconditionals="2" methods="1" coveredmethods="1"/>
      <file name="index.tsx" path="/home/staviasz/Desktop/projetos jose/libs_projeto_final/src/components/ChangeTheme/index.tsx">
        <metrics statements="1" coveredstatements="1" conditionals="2" coveredconditionals="2" methods="1" coveredmethods="1"/>
        <line num="10" count="17" type="stmt"/>
      </file>
    </package>
    <package name="src.components.Checkbox">
      <metrics statements="10" coveredstatements="10" conditionals="2" coveredconditionals="1" methods="3" coveredmethods="3"/>
      <file name="index.tsx" path="/home/staviasz/Desktop/projetos jose/libs_projeto_final/src/components/Checkbox/index.tsx">
        <metrics statements="10" coveredstatements="10" conditionals="2" coveredconditionals="1" methods="3" coveredmethods="3"/>
        <line num="12" count="60" type="stmt"/>
        <line num="13" count="60" type="stmt"/>
        <line num="15" count="60" type="stmt"/>
        <line num="16" count="2" type="stmt"/>
        <line num="17" count="2" type="stmt"/>
        <line num="19" count="2" type="stmt"/>
        <line num="20" count="2" type="stmt"/>
        <line num="21" count="1" type="cond" truecount="1" falsecount="1"/>
        <line num="24" count="2" type="stmt"/>
        <line num="27" count="60" type="stmt"/>
      </file>
    </package>
    <package name="src.components.ContainerMain">
      <metrics statements="1" coveredstatements="1" conditionals="0" coveredconditionals="0" methods="1" coveredmethods="1"/>
      <file name="index.tsx" path="/home/staviasz/Desktop/projetos jose/libs_projeto_final/src/components/ContainerMain/index.tsx">
        <metrics statements="1" coveredstatements="1" conditionals="0" coveredconditionals="0" methods="1" coveredmethods="1"/>
        <line num="11" count="6" type="stmt"/>
      </file>
    </package>
    <package name="src.components.FormAddAnnotation">
      <metrics statements="54" coveredstatements="50" conditionals="10" coveredconditionals="6" methods="18" coveredmethods="15"/>
      <file name="index.tsx" path="/home/staviasz/Desktop/projetos jose/libs_projeto_final/src/components/FormAddAnnotation/index.tsx">
        <metrics statements="54" coveredstatements="50" conditionals="10" coveredconditionals="6" methods="18" coveredmethods="15"/>
        <line num="23" count="26" type="stmt"/>
        <line num="24" count="26" type="stmt"/>
        <line num="25" count="26" type="stmt"/>
        <line num="35" count="26" type="stmt"/>
        <line num="36" count="26" type="stmt"/>
        <line num="38" count="104" type="stmt"/>
        <line num="39" count="104" type="stmt"/>
        <line num="41" count="26" type="stmt"/>
        <line num="46" count="14" type="stmt"/>
        <line num="47" count="14" type="stmt"/>
        <line num="48" count="14" type="stmt"/>
        <line num="55" count="26" type="stmt"/>
        <line num="56" count="2" type="stmt"/>
        <line num="57" count="2" type="stmt"/>
        <line num="58" count="2" type="stmt"/>
        <line num="59" count="2" type="stmt"/>
        <line num="60" count="2" type="stmt"/>
        <line num="62" count="2" type="stmt"/>
        <line num="63" count="2" type="stmt"/>
        <line num="64" count="2" type="stmt"/>
        <line num="65" count="2" type="cond" truecount="1" falsecount="1"/>
        <line num="66" count="2" type="stmt"/>
        <line num="68" count="2" type="cond" truecount="1" falsecount="1"/>
        <line num="69" count="2" type="stmt"/>
        <line num="70" count="2" type="stmt"/>
        <line num="71" count="2" type="stmt"/>
        <line num="72" count="2" type="stmt"/>
        <line num="73" count="2" type="stmt"/>
        <line num="75" count="2" type="stmt"/>
        <line num="76" count="2" type="stmt"/>
        <line num="78" count="0" type="stmt"/>
        <line num="79" count="0" type="stmt"/>
        <line num="80" count="0" type="stmt"/>
        <line num="81" count="0" type="cond" truecount="0" falsecount="2"/>
        <line num="86" count="2" type="stmt"/>
        <line num="88" count="2" type="cond" truecount="2" falsecount="0"/>
        <line num="89" count="1" type="stmt"/>
        <line num="90" count="1" type="stmt"/>
        <line num="91" count="1" type="stmt"/>
        <line num="93" count="1" type="stmt"/>
        <line num="94" count="1" type="stmt"/>
        <line num="98" count="26" type="stmt"/>
        <line num="99" count="1" type="stmt"/>
        <line num="100" count="1" type="stmt"/>
        <line num="101" count="1" type="stmt"/>
        <line num="104" count="26" type="stmt"/>
        <line num="106" count="1" type="stmt"/>
        <line num="109" count="2" type="stmt"/>
        <line num="118" count="3" type="stmt"/>
        <line num="130" count="3" type="stmt"/>
        <line num="142" count="3" type="stmt"/>
        <line num="157" count="2" type="stmt"/>
        <line num="170" count="2" type="stmt"/>
        <line num="183" count="1" type="stmt"/>
      </file>
    </package>
    <package name="src.components.Header">
      <metrics statements="1" coveredstatements="1" conditionals="0" coveredconditionals="0" methods="1" coveredmethods="1"/>
      <file name="index.tsx" path="/home/staviasz/Desktop/projetos jose/libs_projeto_final/src/components/Header/index.tsx">
        <metrics statements="1" coveredstatements="1" conditionals="0" coveredconditionals="0" methods="1" coveredmethods="1"/>
        <line num="14" count="6" type="stmt"/>
      </file>
    </package>
    <package name="src.components.InputLabel">
      <metrics statements="1" coveredstatements="1" conditionals="4" coveredconditionals="3" methods="1" coveredmethods="1"/>
      <file name="index.tsx" path="/home/staviasz/Desktop/projetos jose/libs_projeto_final/src/components/InputLabel/index.tsx">
        <metrics statements="1" coveredstatements="1" conditionals="4" coveredconditionals="3" methods="1" coveredmethods="1"/>
        <line num="80" count="83" type="stmt"/>
      </file>
    </package>
    <package name="src.components.List">
      <metrics statements="7" coveredstatements="7" conditionals="4" coveredconditionals="4" methods="5" coveredmethods="5"/>
      <file name="index.tsx" path="/home/staviasz/Desktop/projetos jose/libs_projeto_final/src/components/List/index.tsx">
        <metrics statements="7" coveredstatements="7" conditionals="4" coveredconditionals="4" methods="5" coveredmethods="5"/>
        <line num="14" count="24" type="stmt"/>
        <line num="15" count="24" type="stmt"/>
        <line num="17" count="24" type="stmt"/>
        <line num="22" count="24" type="stmt"/>
        <line num="28" count="1" type="stmt"/>
        <line num="36" count="86" type="stmt"/>
        <line num="39" count="1" type="stmt"/>
      </file>
    </package>
    <package name="src.components.Modal">
      <metrics statements="2" coveredstatements="2" conditionals="2" coveredconditionals="2" methods="1" coveredmethods="1"/>
      <file name="index.tsx" path="/home/staviasz/Desktop/projetos jose/libs_projeto_final/src/components/Modal/index.tsx">
        <metrics statements="2" coveredstatements="2" conditionals="2" coveredconditionals="2" methods="1" coveredmethods="1"/>
        <line num="7" count="7" type="stmt"/>
        <line num="9" count="7" type="stmt"/>
      </file>
    </package>
    <package name="src.components.NewAnotation">
      <metrics statements="5" coveredstatements="5" conditionals="0" coveredconditionals="0" methods="2" coveredmethods="2"/>
      <file name="index.tsx" path="/home/staviasz/Desktop/projetos jose/libs_projeto_final/src/components/NewAnotation/index.tsx">
        <metrics statements="5" coveredstatements="5" conditionals="0" coveredconditionals="0" methods="2" coveredmethods="2"/>
        <line num="6" count="17" type="stmt"/>
        <line num="8" count="17" type="stmt"/>
        <line num="9" count="1" type="stmt"/>
        <line num="10" count="1" type="stmt"/>
        <line num="12" count="17" type="stmt"/>
      </file>
    </package>
    <package name="src.components.Search">
      <metrics statements="9" coveredstatements="9" conditionals="0" coveredconditionals="0" methods="4" coveredmethods="4"/>
      <file name="index.tsx" path="/home/staviasz/Desktop/projetos jose/libs_projeto_final/src/components/Search/index.tsx">
        <metrics statements="9" coveredstatements="9" conditionals="0" coveredconditionals="0" methods="4" coveredmethods="4"/>
        <line num="7" count="24" type="stmt"/>
        <line num="8" count="24" type="stmt"/>
        <line num="10" count="24" type="stmt"/>
        <line num="11" count="18" type="stmt"/>
        <line num="14" count="24" type="stmt"/>
        <line num="15" count="2" type="stmt"/>
        <line num="16" count="2" type="stmt"/>
        <line num="19" count="24" type="stmt"/>
        <line num="23" count="2" type="stmt"/>
      </file>
    </package>
    <package name="src.components.SelectLabel">
      <metrics statements="13" coveredstatements="12" conditionals="9" coveredconditionals="6" methods="7" coveredmethods="5"/>
      <file name="index.tsx" path="/home/staviasz/Desktop/projetos jose/libs_projeto_final/src/components/SelectLabel/index.tsx">
        <metrics statements="13" coveredstatements="12" conditionals="9" coveredconditionals="6" methods="7" coveredmethods="5"/>
        <line num="67" count="55" type="stmt"/>
        <line num="68" count="55" type="stmt"/>
        <line num="72" count="55" type="stmt"/>
        <line num="73" count="0" type="stmt"/>
        <line num="75" count="55" type="stmt"/>
        <line num="76" count="4" type="stmt"/>
        <line num="77" count="4" type="stmt"/>
        <line num="78" count="4" type="cond" truecount="1" falsecount="1"/>
        <line num="79" count="4" type="stmt"/>
        <line num="88" count="55" type="stmt"/>
        <line num="131" count="217" type="stmt"/>
        <line num="135" count="4" type="stmt"/>
        <line num="149" count="217" type="stmt"/>
      </file>
    </package>
    <package name="src.components.Sidebar">
      <metrics statements="2" coveredstatements="2" conditionals="0" coveredconditionals="0" methods="2" coveredmethods="2"/>
      <file name="index.tsx" path="/home/staviasz/Desktop/projetos jose/libs_projeto_final/src/components/Sidebar/index.tsx">
        <metrics statements="2" coveredstatements="2" conditionals="0" coveredconditionals="0" methods="2" coveredmethods="2"/>
        <line num="14" count="8" type="stmt"/>
        <line num="17" count="16" type="stmt"/>
      </file>
    </package>
    <package name="src.components.Tag">
      <metrics statements="4" coveredstatements="4" conditionals="0" coveredconditionals="0" methods="2" coveredmethods="2"/>
      <file name="index.tsx" path="/home/staviasz/Desktop/projetos jose/libs_projeto_final/src/components/Tag/index.tsx">
        <metrics statements="4" coveredstatements="4" conditionals="0" coveredconditionals="0" methods="2" coveredmethods="2"/>
        <line num="11" count="103" type="stmt"/>
        <line num="12" count="103" type="stmt"/>
        <line num="17" count="103" type="stmt"/>
        <line num="20" count="1" type="stmt"/>
      </file>
    </package>
    <package name="src.components.TextAreaLabel">
      <metrics statements="1" coveredstatements="1" conditionals="4" coveredconditionals="3" methods="1" coveredmethods="1"/>
      <file name="index.tsx" path="/home/staviasz/Desktop/projetos jose/libs_projeto_final/src/components/TextAreaLabel/index.tsx">
        <metrics statements="1" coveredstatements="1" conditionals="4" coveredconditionals="3" methods="1" coveredmethods="1"/>
        <line num="68" count="30" type="stmt"/>
      </file>
    </package>
    <package name="src.context.localStorage">
      <metrics statements="36" coveredstatements="36" conditionals="10" coveredconditionals="6" methods="10" coveredmethods="10"/>
      <file name="localStorage.tsx" path="/home/staviasz/Desktop/projetos jose/libs_projeto_final/src/context/localStorage/localStorage.tsx">
        <metrics statements="36" coveredstatements="36" conditionals="10" coveredconditionals="6" methods="10" coveredmethods="10"/>
        <line num="18" count="9" type="stmt"/>
        <line num="23" count="31" type="stmt"/>
        <line num="25" count="31" type="stmt"/>
        <line num="26" count="12" type="stmt"/>
        <line num="27" count="12" type="stmt"/>
        <line num="30" count="31" type="stmt"/>
        <line num="31" count="4" type="stmt"/>
        <line num="32" count="4" type="stmt"/>
        <line num="34" count="8" type="stmt"/>
        <line num="37" count="4" type="cond" truecount="1" falsecount="1"/>
        <line num="38" count="4" type="stmt"/>
        <line num="41" count="31" type="stmt"/>
        <line num="42" count="5" type="stmt"/>
        <line num="43" count="5" type="stmt"/>
        <line num="44" count="2" type="stmt"/>
        <line num="47" count="5" type="cond" truecount="1" falsecount="1"/>
        <line num="48" count="5" type="stmt"/>
        <line num="51" count="31" type="stmt"/>
        <line num="52" count="1" type="stmt"/>
        <line num="53" count="1" type="stmt"/>
        <line num="54" count="1" type="cond" truecount="1" falsecount="1"/>
        <line num="55" count="1" type="stmt"/>
        <line num="58" count="1" type="cond" truecount="1" falsecount="1"/>
        <line num="59" count="1" type="stmt"/>
        <line num="62" count="1" type="stmt"/>
        <line num="63" count="1" type="stmt"/>
        <line num="66" count="31" type="stmt"/>
        <line num="67" count="25" type="stmt"/>
        <line num="68" count="25" type="cond" truecount="2" falsecount="0"/>
        <line num="69" count="14" type="stmt"/>
        <line num="71" count="11" type="stmt"/>
        <line num="74" count="31" type="stmt"/>
        <line num="78" count="1" type="stmt"/>
        <line num="79" count="1" type="stmt"/>
        <line num="81" count="31" type="stmt"/>
        <line num="98" count="54" type="stmt"/>
      </file>
    </package>
    <package name="src.context.modals">
      <metrics statements="7" coveredstatements="7" conditionals="0" coveredconditionals="0" methods="2" coveredmethods="2"/>
      <file name="index.tsx" path="/home/staviasz/Desktop/projetos jose/libs_projeto_final/src/context/modals/index.tsx">
        <metrics statements="7" coveredstatements="7" conditionals="0" coveredconditionals="0" methods="2" coveredmethods="2"/>
        <line num="19" count="9" type="stmt"/>
        <line num="22" count="7" type="stmt"/>
        <line num="23" count="7" type="stmt"/>
        <line num="24" count="7" type="stmt"/>
        <line num="25" count="7" type="stmt"/>
        <line num="36" count="7" type="stmt"/>
        <line num="55" count="31" type="stmt"/>
      </file>
    </package>
    <package name="src.utils">
      <metrics statements="2" coveredstatements="2" conditionals="0" coveredconditionals="0" methods="1" coveredmethods="1"/>
      <file name="styles-test.tsx" path="/home/staviasz/Desktop/projetos jose/libs_projeto_final/src/utils/styles-test.tsx">
        <metrics statements="2" coveredstatements="2" conditionals="0" coveredconditionals="0" methods="1" coveredmethods="1"/>
        <line num="5" count="18" type="stmt"/>
        <line num="6" count="80" type="stmt"/>
      </file>
    </package>
  </project>
</coverage>
