{"/home/staviasz/Desktop/projetos jose/contextVite/src/components/Modal/index.tsx": {"path":"/home/staviasz/Desktop/projetos jose/contextVite/src/components/Modal/index.tsx","statementMap":{"0":{"start":{"line":18,"column":2},"end":{"line":27,"column":4}}},"fnMap":{"0":{"name":"Modal","decl":{"start":{"line":11,"column":24},"end":{"line":11,"column":29}},"loc":{"start":{"line":17,"column":11},"end":{"line":28,"column":1}},"line":17}},"branchMap":{},"s":{"0":15},"f":{"0":15},"b":{},"_coverageSchema":"1a1c01bbd47fc00a2c39e90264f33305004495a9","hash":"05283faa062ae757b612d5b899c04d506bc62580"}
,"/home/staviasz/Desktop/projetos jose/contextVite/src/components/Modal/styles.ts": {"path":"/home/staviasz/Desktop/projetos jose/contextVite/src/components/Modal/styles.ts","statementMap":{"0":{"start":{"line":10,"column":21},"end":{"line":30,"column":1}},"1":{"start":{"line":11,"column":25},"end":{"line":11,"column":69}},"2":{"start":{"line":12,"column":26},"end":{"line":12,"column":72}},"3":{"start":{"line":17,"column":16},"end":{"line":17,"column":73}},"4":{"start":{"line":18,"column":22},"end":{"line":18,"column":67}}},"fnMap":{"0":{"name":"(anonymous_0)","decl":{"start":{"line":11,"column":15},"end":{"line":11,"column":16}},"loc":{"start":{"line":11,"column":25},"end":{"line":11,"column":69}},"line":11},"1":{"name":"(anonymous_1)","decl":{"start":{"line":12,"column":16},"end":{"line":12,"column":17}},"loc":{"start":{"line":12,"column":26},"end":{"line":12,"column":72}},"line":12},"2":{"name":"(anonymous_2)","decl":{"start":{"line":17,"column":6},"end":{"line":17,"column":7}},"loc":{"start":{"line":17,"column":16},"end":{"line":17,"column":73}},"line":17},"3":{"name":"(anonymous_3)","decl":{"start":{"line":18,"column":12},"end":{"line":18,"column":13}},"loc":{"start":{"line":18,"column":22},"end":{"line":18,"column":67}},"line":18}},"branchMap":{"0":{"loc":{"start":{"line":11,"column":25},"end":{"line":11,"column":69}},"type":"cond-expr","locations":[{"start":{"line":11,"column":40},"end":{"line":11,"column":59}},{"start":{"line":11,"column":62},"end":{"line":11,"column":69}}],"line":11},"1":{"loc":{"start":{"line":12,"column":26},"end":{"line":12,"column":72}},"type":"cond-expr","locations":[{"start":{"line":12,"column":42},"end":{"line":12,"column":62}},{"start":{"line":12,"column":65},"end":{"line":12,"column":72}}],"line":12},"2":{"loc":{"start":{"line":17,"column":16},"end":{"line":17,"column":73}},"type":"cond-expr","locations":[{"start":{"line":17,"column":38},"end":{"line":17,"column":64}},{"start":{"line":17,"column":67},"end":{"line":17,"column":73}}],"line":17},"3":{"loc":{"start":{"line":18,"column":22},"end":{"line":18,"column":67}},"type":"cond-expr","locations":[{"start":{"line":18,"column":38},"end":{"line":18,"column":58}},{"start":{"line":18,"column":61},"end":{"line":18,"column":67}}],"line":18}},"s":{"0":1,"1":15,"2":15,"3":15,"4":15},"f":{"0":15,"1":15,"2":15,"3":15},"b":{"0":[0,15],"1":[15,0],"2":[15,0],"3":[15,0]},"_coverageSchema":"1a1c01bbd47fc00a2c39e90264f33305004495a9","hash":"fd959a22d5514bcb850bce1bbe930897ba8e1e57"}
,"/home/staviasz/Desktop/projetos jose/contextVite/src/components/ModalAmount/index.tsx": {"path":"/home/staviasz/Desktop/projetos jose/contextVite/src/components/ModalAmount/index.tsx","statementMap":{"0":{"start":{"line":16,"column":4},"end":{"line":16,"column":17}},"1":{"start":{"line":17,"column":25},"end":{"line":17,"column":37}},"2":{"start":{"line":18,"column":30},"end":{"line":18,"column":50}},"3":{"start":{"line":19,"column":32},"end":{"line":19,"column":56}},"4":{"start":{"line":20,"column":34},"end":{"line":20,"column":54}},"5":{"start":{"line":21,"column":38},"end":{"line":21,"column":58}},"6":{"start":{"line":22,"column":42},"end":{"line":22,"column":62}},"7":{"start":{"line":24,"column":67},"end":{"line":24,"column":76}},"8":{"start":{"line":25,"column":21},"end":{"line":25,"column":30}},"9":{"start":{"line":27,"column":2},"end":{"line":31,"column":34}},"10":{"start":{"line":28,"column":4},"end":{"line":28,"column":23}},"11":{"start":{"line":29,"column":4},"end":{"line":29,"column":27}},"12":{"start":{"line":30,"column":4},"end":{"line":30,"column":31}},"13":{"start":{"line":33,"column":25},"end":{"line":44,"column":3}},"14":{"start":{"line":37,"column":22},"end":{"line":37,"column":34}},"15":{"start":{"line":38,"column":18},"end":{"line":38,"column":31}},"16":{"start":{"line":40,"column":4},"end":{"line":43,"column":5}},"17":{"start":{"line":41,"column":6},"end":{"line":41,"column":19}},"18":{"start":{"line":42,"column":6},"end":{"line":42,"column":30}},"19":{"start":{"line":46,"column":27},"end":{"line":57,"column":3}},"20":{"start":{"line":50,"column":22},"end":{"line":50,"column":34}},"21":{"start":{"line":51,"column":18},"end":{"line":51,"column":31}},"22":{"start":{"line":53,"column":4},"end":{"line":56,"column":5}},"23":{"start":{"line":54,"column":6},"end":{"line":54,"column":21}},"24":{"start":{"line":55,"column":6},"end":{"line":55,"column":30}},"25":{"start":{"line":59,"column":29},"end":{"line":66,"column":3}},"26":{"start":{"line":60,"column":22},"end":{"line":60,"column":34}},"27":{"start":{"line":61,"column":18},"end":{"line":61,"column":28}},"28":{"start":{"line":63,"column":4},"end":{"line":65,"column":5}},"29":{"start":{"line":64,"column":6},"end":{"line":64,"column":23}},"30":{"start":{"line":68,"column":21},"end":{"line":76,"column":3}},"31":{"start":{"line":69,"column":4},"end":{"line":75,"column":5}},"32":{"start":{"line":70,"column":6},"end":{"line":70,"column":68}},"33":{"start":{"line":71,"column":11},"end":{"line":75,"column":5}},"34":{"start":{"line":72,"column":6},"end":{"line":72,"column":73}},"35":{"start":{"line":74,"column":6},"end":{"line":74,"column":54}},"36":{"start":{"line":78,"column":47},"end":{"line":113,"column":3}},"37":{"start":{"line":79,"column":33},"end":{"line":79,"column":57}},"38":{"start":{"line":80,"column":4},"end":{"line":98,"column":5}},"39":{"start":{"line":81,"column":22},"end":{"line":96,"column":7}},"40":{"start":{"line":82,"column":8},"end":{"line":95,"column":9}},"41":{"start":{"line":83,"column":10},"end":{"line":83,"column":27}},"42":{"start":{"line":84,"column":25},"end":{"line":84,"column":64}},"43":{"start":{"line":85,"column":10},"end":{"line":85,"column":28}},"44":{"start":{"line":86,"column":10},"end":{"line":86,"column":30}},"45":{"start":{"line":87,"column":10},"end":{"line":87,"column":26}},"46":{"start":{"line":88,"column":10},"end":{"line":88,"column":34}},"47":{"start":{"line":89,"column":23},"end":{"line":89,"column":36}},"48":{"start":{"line":90,"column":10},"end":{"line":90,"column":57}},"49":{"start":{"line":94,"column":10},"end":{"line":94,"column":28}},"50":{"start":{"line":97,"column":6},"end":{"line":97,"column":16}},"51":{"start":{"line":99,"column":24},"end":{"line":111,"column":5}},"52":{"start":{"line":100,"column":19},"end":{"line":100,"column":29}},"53":{"start":{"line":101,"column":22},"end":{"line":101,"column":75}},"54":{"start":{"line":101,"column":42},"end":{"line":101,"column":74}},"55":{"start":{"line":103,"column":18},"end":{"line":103,"column":36}},"56":{"start":{"line":104,"column":18},"end":{"line":104,"column":46}},"57":{"start":{"line":105,"column":18},"end":{"line":105,"column":41}},"58":{"start":{"line":106,"column":19},"end":{"line":106,"column":43}},"59":{"start":{"line":107,"column":22},"end":{"line":107,"column":48}},"60":{"start":{"line":108,"column":23},"end":{"line":108,"column":49}},"61":{"start":{"line":110,"column":6},"end":{"line":110,"column":67}},"62":{"start":{"line":112,"column":4},"end":{"line":112,"column":11}},"63":{"start":{"line":115,"column":2},"end":{"line":224,"column":4}},"64":{"start":{"line":125,"column":14},"end":{"line":146,"column":17}},"65":{"start":{"line":129,"column":20},"end":{"line":129,"column":44}},"66":{"start":{"line":130,"column":20},"end":{"line":130,"column":39}},"67":{"start":{"line":157,"column":14},"end":{"line":174,"column":17}},"68":{"start":{"line":161,"column":20},"end":{"line":161,"column":48}},"69":{"start":{"line":162,"column":20},"end":{"line":162,"column":38}},"70":{"start":{"line":185,"column":14},"end":{"line":203,"column":17}},"71":{"start":{"line":189,"column":20},"end":{"line":189,"column":42}},"72":{"start":{"line":190,"column":20},"end":{"line":190,"column":38}}},"fnMap":{"0":{"name":"ModalAmount","decl":{"start":{"line":14,"column":24},"end":{"line":14,"column":35}},"loc":{"start":{"line":14,"column":38},"end":{"line":225,"column":1}},"line":14},"1":{"name":"(anonymous_1)","decl":{"start":{"line":27,"column":12},"end":{"line":27,"column":13}},"loc":{"start":{"line":27,"column":18},"end":{"line":31,"column":3}},"line":27},"2":{"name":"(anonymous_2)","decl":{"start":{"line":33,"column":25},"end":{"line":33,"column":26}},"loc":{"start":{"line":36,"column":7},"end":{"line":44,"column":3}},"line":36},"3":{"name":"(anonymous_3)","decl":{"start":{"line":46,"column":27},"end":{"line":46,"column":28}},"loc":{"start":{"line":49,"column":7},"end":{"line":57,"column":3}},"line":49},"4":{"name":"(anonymous_4)","decl":{"start":{"line":59,"column":29},"end":{"line":59,"column":30}},"loc":{"start":{"line":59,"column":77},"end":{"line":66,"column":3}},"line":59},"5":{"name":"(anonymous_5)","decl":{"start":{"line":68,"column":21},"end":{"line":68,"column":22}},"loc":{"start":{"line":68,"column":54},"end":{"line":76,"column":3}},"line":68},"6":{"name":"(anonymous_6)","decl":{"start":{"line":78,"column":47},"end":{"line":78,"column":48}},"loc":{"start":{"line":78,"column":55},"end":{"line":113,"column":3}},"line":78},"7":{"name":"(anonymous_7)","decl":{"start":{"line":81,"column":22},"end":{"line":81,"column":23}},"loc":{"start":{"line":81,"column":34},"end":{"line":96,"column":7}},"line":81},"8":{"name":"(anonymous_8)","decl":{"start":{"line":99,"column":24},"end":{"line":99,"column":25}},"loc":{"start":{"line":99,"column":30},"end":{"line":111,"column":5}},"line":99},"9":{"name":"(anonymous_9)","decl":{"start":{"line":101,"column":22},"end":{"line":101,"column":23}},"loc":{"start":{"line":101,"column":42},"end":{"line":101,"column":74}},"line":101},"10":{"name":"(anonymous_10)","decl":{"start":{"line":124,"column":20},"end":{"line":124,"column":21}},"loc":{"start":{"line":125,"column":14},"end":{"line":146,"column":17}},"line":125},"11":{"name":"(anonymous_11)","decl":{"start":{"line":128,"column":28},"end":{"line":128,"column":29}},"loc":{"start":{"line":128,"column":33},"end":{"line":131,"column":19}},"line":128},"12":{"name":"(anonymous_12)","decl":{"start":{"line":156,"column":20},"end":{"line":156,"column":21}},"loc":{"start":{"line":157,"column":14},"end":{"line":174,"column":17}},"line":157},"13":{"name":"(anonymous_13)","decl":{"start":{"line":160,"column":28},"end":{"line":160,"column":29}},"loc":{"start":{"line":160,"column":33},"end":{"line":163,"column":19}},"line":160},"14":{"name":"(anonymous_14)","decl":{"start":{"line":184,"column":20},"end":{"line":184,"column":21}},"loc":{"start":{"line":185,"column":14},"end":{"line":203,"column":17}},"line":185},"15":{"name":"(anonymous_15)","decl":{"start":{"line":188,"column":28},"end":{"line":188,"column":29}},"loc":{"start":{"line":188,"column":33},"end":{"line":191,"column":19}},"line":188}},"branchMap":{"0":{"loc":{"start":{"line":40,"column":4},"end":{"line":43,"column":5}},"type":"if","locations":[{"start":{"line":40,"column":4},"end":{"line":43,"column":5}},{"start":{},"end":{}}],"line":40},"1":{"loc":{"start":{"line":40,"column":8},"end":{"line":40,"column":64}},"type":"binary-expr","locations":[{"start":{"line":40,"column":9},"end":{"line":40,"column":26}},{"start":{"line":40,"column":30},"end":{"line":40,"column":47}},{"start":{"line":40,"column":52},"end":{"line":40,"column":64}}],"line":40},"2":{"loc":{"start":{"line":53,"column":4},"end":{"line":56,"column":5}},"type":"if","locations":[{"start":{"line":53,"column":4},"end":{"line":56,"column":5}},{"start":{},"end":{}}],"line":53},"3":{"loc":{"start":{"line":53,"column":8},"end":{"line":53,"column":64}},"type":"binary-expr","locations":[{"start":{"line":53,"column":9},"end":{"line":53,"column":26}},{"start":{"line":53,"column":30},"end":{"line":53,"column":47}},{"start":{"line":53,"column":52},"end":{"line":53,"column":64}}],"line":53},"4":{"loc":{"start":{"line":63,"column":4},"end":{"line":65,"column":5}},"type":"if","locations":[{"start":{"line":63,"column":4},"end":{"line":65,"column":5}},{"start":{},"end":{}}],"line":63},"5":{"loc":{"start":{"line":63,"column":8},"end":{"line":63,"column":41}},"type":"binary-expr","locations":[{"start":{"line":63,"column":8},"end":{"line":63,"column":25}},{"start":{"line":63,"column":29},"end":{"line":63,"column":41}}],"line":63},"6":{"loc":{"start":{"line":69,"column":4},"end":{"line":75,"column":5}},"type":"if","locations":[{"start":{"line":69,"column":4},"end":{"line":75,"column":5}},{"start":{"line":71,"column":11},"end":{"line":75,"column":5}}],"line":69},"7":{"loc":{"start":{"line":69,"column":8},"end":{"line":69,"column":44}},"type":"binary-expr","locations":[{"start":{"line":69,"column":8},"end":{"line":69,"column":24}},{"start":{"line":69,"column":28},"end":{"line":69,"column":44}}],"line":69},"8":{"loc":{"start":{"line":71,"column":11},"end":{"line":75,"column":5}},"type":"if","locations":[{"start":{"line":71,"column":11},"end":{"line":75,"column":5}},{"start":{"line":73,"column":11},"end":{"line":75,"column":5}}],"line":71},"9":{"loc":{"start":{"line":71,"column":15},"end":{"line":71,"column":65}},"type":"binary-expr","locations":[{"start":{"line":71,"column":15},"end":{"line":71,"column":20}},{"start":{"line":71,"column":24},"end":{"line":71,"column":65}}],"line":71},"10":{"loc":{"start":{"line":80,"column":4},"end":{"line":98,"column":5}},"type":"if","locations":[{"start":{"line":80,"column":4},"end":{"line":98,"column":5}},{"start":{},"end":{}}],"line":80},"11":{"loc":{"start":{"line":80,"column":8},"end":{"line":80,"column":28}},"type":"binary-expr","locations":[{"start":{"line":80,"column":8},"end":{"line":80,"column":10}},{"start":{"line":80,"column":14},"end":{"line":80,"column":18}},{"start":{"line":80,"column":22},"end":{"line":80,"column":28}}],"line":80},"12":{"loc":{"start":{"line":101,"column":42},"end":{"line":101,"column":74}},"type":"cond-expr","locations":[{"start":{"line":101,"column":55},"end":{"line":101,"column":66}},{"start":{"line":101,"column":69},"end":{"line":101,"column":74}}],"line":101},"13":{"loc":{"start":{"line":138,"column":17},"end":{"line":140,"column":17}},"type":"binary-expr","locations":[{"start":{"line":138,"column":17},"end":{"line":138,"column":26}},{"start":{"line":139,"column":18},"end":{"line":139,"column":72}}],"line":138},"14":{"loc":{"start":{"line":141,"column":17},"end":{"line":145,"column":17}},"type":"cond-expr","locations":[{"start":{"line":142,"column":18},"end":{"line":142,"column":41}},{"start":{"line":144,"column":18},"end":{"line":144,"column":49}}],"line":141},"15":{"loc":{"start":{"line":170,"column":17},"end":{"line":172,"column":17}},"type":"binary-expr","locations":[{"start":{"line":170,"column":17},"end":{"line":170,"column":28}},{"start":{"line":171,"column":18},"end":{"line":171,"column":74}}],"line":170},"16":{"loc":{"start":{"line":173,"column":17},"end":{"line":173,"column":56}},"type":"binary-expr","locations":[{"start":{"line":173,"column":17},"end":{"line":173,"column":29}},{"start":{"line":173,"column":33},"end":{"line":173,"column":56}}],"line":173},"17":{"loc":{"start":{"line":197,"column":17},"end":{"line":201,"column":17}},"type":"binary-expr","locations":[{"start":{"line":197,"column":17},"end":{"line":197,"column":30}},{"start":{"line":198,"column":18},"end":{"line":200,"column":22}}],"line":197},"18":{"loc":{"start":{"line":202,"column":17},"end":{"line":202,"column":56}},"type":"binary-expr","locations":[{"start":{"line":202,"column":17},"end":{"line":202,"column":29}},{"start":{"line":202,"column":33},"end":{"line":202,"column":56}}],"line":202},"19":{"loc":{"start":{"line":210,"column":13},"end":{"line":210,"column":53}},"type":"cond-expr","locations":[{"start":{"line":210,"column":23},"end":{"line":210,"column":39}},{"start":{"line":210,"column":42},"end":{"line":210,"column":53}}],"line":210},"20":{"loc":{"start":{"line":214,"column":11},"end":{"line":220,"column":16}},"type":"cond-expr","locations":[{"start":{"line":215,"column":14},"end":{"line":219,"column":56}},{"start":{"line":220,"column":14},"end":{"line":220,"column":16}}],"line":214}},"s":{"0":15,"1":15,"2":15,"3":15,"4":15,"5":15,"6":15,"7":15,"8":15,"9":15,"10":12,"11":12,"12":12,"13":15,"14":4,"15":4,"16":4,"17":4,"18":4,"19":15,"20":2,"21":2,"22":2,"23":2,"24":2,"25":15,"26":2,"27":2,"28":2,"29":2,"30":15,"31":6,"32":1,"33":5,"34":1,"35":4,"36":15,"37":1,"38":1,"39":1,"40":1,"41":1,"42":1,"43":1,"44":1,"45":1,"46":1,"47":1,"48":1,"49":1,"50":1,"51":1,"52":1,"53":1,"54":5,"55":1,"56":1,"57":1,"58":1,"59":1,"60":1,"61":1,"62":1,"63":15,"64":19,"65":4,"66":4,"67":18,"68":2,"69":2,"70":18,"71":2,"72":2},"f":{"0":15,"1":12,"2":4,"3":2,"4":2,"5":6,"6":1,"7":1,"8":1,"9":5,"10":19,"11":4,"12":18,"13":2,"14":18,"15":2},"b":{"0":[4,0],"1":[4,4,0],"2":[2,0],"3":[2,2,0],"4":[2,0],"5":[2,0],"6":[1,5],"7":[6,6],"8":[1,4],"9":[5,5],"10":[1,0],"11":[1,1,1],"12":[1,4],"13":[19,12],"14":[13,6],"15":[18,6],"16":[18,11],"17":[18,0],"18":[18,13],"19":[0,15],"20":[1,14]},"_coverageSchema":"1a1c01bbd47fc00a2c39e90264f33305004495a9","hash":"24608c0d065dad86d5ee77e26e235023060ebb8d"}
,"/home/staviasz/Desktop/projetos jose/contextVite/src/components/ModalAmount/styles.ts": {"path":"/home/staviasz/Desktop/projetos jose/contextVite/src/components/ModalAmount/styles.ts","statementMap":{"0":{"start":{"line":3,"column":25},"end":{"line":14,"column":1}},"1":{"start":{"line":16,"column":30},"end":{"line":42,"column":1}},"2":{"start":{"line":44,"column":31},"end":{"line":66,"column":1}},"3":{"start":{"line":68,"column":22},"end":{"line":75,"column":1}}},"fnMap":{},"branchMap":{},"s":{"0":1,"1":1,"2":1,"3":1},"f":{},"b":{},"_coverageSchema":"1a1c01bbd47fc00a2c39e90264f33305004495a9","hash":"e6beeca0afcd2c368cda78ec043a9754b39919c8"}
,"/home/staviasz/Desktop/projetos jose/contextVite/src/context/Currencies.tsx": {"path":"/home/staviasz/Desktop/projetos jose/contextVite/src/context/Currencies.tsx","statementMap":{"0":{"start":{"line":23,"column":24},"end":{"line":23,"column":79}},"1":{"start":{"line":25,"column":61},"end":{"line":61,"column":1}},"2":{"start":{"line":26,"column":28},"end":{"line":26,"column":52}},"3":{"start":{"line":27,"column":22},"end":{"line":27,"column":42}},"4":{"start":{"line":28,"column":26},"end":{"line":28,"column":46}},"5":{"start":{"line":29,"column":30},"end":{"line":29,"column":50}},"6":{"start":{"line":31,"column":26},"end":{"line":43,"column":3}},"7":{"start":{"line":36,"column":4},"end":{"line":42,"column":5}},"8":{"start":{"line":37,"column":23},"end":{"line":37,"column":68}},"9":{"start":{"line":38,"column":6},"end":{"line":38,"column":45}},"10":{"start":{"line":40,"column":6},"end":{"line":40,"column":21}},"11":{"start":{"line":41,"column":6},"end":{"line":41,"column":33}},"12":{"start":{"line":45,"column":2},"end":{"line":60,"column":4}},"13":{"start":{"line":64,"column":27},"end":{"line":66,"column":1}},"14":{"start":{"line":65,"column":2},"end":{"line":65,"column":37}}},"fnMap":{"0":{"name":"(anonymous_0)","decl":{"start":{"line":25,"column":61},"end":{"line":25,"column":62}},"loc":{"start":{"line":25,"column":79},"end":{"line":61,"column":1}},"line":25},"1":{"name":"(anonymous_1)","decl":{"start":{"line":31,"column":26},"end":{"line":31,"column":27}},"loc":{"start":{"line":35,"column":24},"end":{"line":43,"column":3}},"line":35},"2":{"name":"(anonymous_2)","decl":{"start":{"line":64,"column":27},"end":{"line":64,"column":28}},"loc":{"start":{"line":64,"column":33},"end":{"line":66,"column":1}},"line":64}},"branchMap":{},"s":{"0":2,"1":2,"2":17,"3":17,"4":17,"5":17,"6":17,"7":3,"8":3,"9":2,"10":1,"11":1,"12":17,"13":2,"14":21},"f":{"0":17,"1":3,"2":21},"b":{},"_coverageSchema":"1a1c01bbd47fc00a2c39e90264f33305004495a9","hash":"41b8ae0548719856c158c69ec1a81d5b91aa61c9"}
,"/home/staviasz/Desktop/projetos jose/contextVite/src/context/History.tsx": {"path":"/home/staviasz/Desktop/projetos jose/contextVite/src/context/History.tsx","statementMap":{"0":{"start":{"line":21,"column":23},"end":{"line":21,"column":76}},"1":{"start":{"line":23,"column":59},"end":{"line":46,"column":1}},"2":{"start":{"line":24,"column":37},"end":{"line":24,"column":69}},"3":{"start":{"line":26,"column":2},"end":{"line":30,"column":9}},"4":{"start":{"line":27,"column":24},"end":{"line":27,"column":62}},"5":{"start":{"line":28,"column":20},"end":{"line":28,"column":62}},"6":{"start":{"line":29,"column":4},"end":{"line":29,"column":29}},"7":{"start":{"line":32,"column":21},"end":{"line":39,"column":3}},"8":{"start":{"line":33,"column":24},"end":{"line":33,"column":62}},"9":{"start":{"line":34,"column":20},"end":{"line":34,"column":62}},"10":{"start":{"line":35,"column":4},"end":{"line":35,"column":23}},"11":{"start":{"line":36,"column":4},"end":{"line":36,"column":29}},"12":{"start":{"line":37,"column":4},"end":{"line":37,"column":68}},"13":{"start":{"line":38,"column":4},"end":{"line":38,"column":11}},"14":{"start":{"line":41,"column":2},"end":{"line":45,"column":4}},"15":{"start":{"line":48,"column":26},"end":{"line":50,"column":1}},"16":{"start":{"line":49,"column":2},"end":{"line":49,"column":36}}},"fnMap":{"0":{"name":"(anonymous_0)","decl":{"start":{"line":23,"column":59},"end":{"line":23,"column":60}},"loc":{"start":{"line":23,"column":77},"end":{"line":46,"column":1}},"line":23},"1":{"name":"(anonymous_1)","decl":{"start":{"line":26,"column":12},"end":{"line":26,"column":13}},"loc":{"start":{"line":26,"column":18},"end":{"line":30,"column":3}},"line":26},"2":{"name":"(anonymous_2)","decl":{"start":{"line":32,"column":21},"end":{"line":32,"column":22}},"loc":{"start":{"line":32,"column":46},"end":{"line":39,"column":3}},"line":32},"3":{"name":"(anonymous_3)","decl":{"start":{"line":48,"column":26},"end":{"line":48,"column":27}},"loc":{"start":{"line":48,"column":32},"end":{"line":50,"column":1}},"line":48}},"branchMap":{"0":{"loc":{"start":{"line":28,"column":20},"end":{"line":28,"column":62}},"type":"cond-expr","locations":[{"start":{"line":28,"column":34},"end":{"line":28,"column":57}},{"start":{"line":28,"column":60},"end":{"line":28,"column":62}}],"line":28},"1":{"loc":{"start":{"line":34,"column":20},"end":{"line":34,"column":62}},"type":"cond-expr","locations":[{"start":{"line":34,"column":34},"end":{"line":34,"column":57}},{"start":{"line":34,"column":60},"end":{"line":34,"column":62}}],"line":34}},"s":{"0":2,"1":2,"2":13,"3":13,"4":5,"5":5,"6":5,"7":13,"8":3,"9":3,"10":3,"11":3,"12":3,"13":3,"14":13,"15":2,"16":23},"f":{"0":13,"1":5,"2":3,"3":23},"b":{"0":[2,3],"1":[1,2]},"_coverageSchema":"1a1c01bbd47fc00a2c39e90264f33305004495a9","hash":"37d81f1d9474c16bd0bdc589d8d555d08bcc7e56"}
,"/home/staviasz/Desktop/projetos jose/contextVite/src/model/listCurrencies.ts": {"path":"/home/staviasz/Desktop/projetos jose/contextVite/src/model/listCurrencies.ts","statementMap":{"0":{"start":{"line":1,"column":13},"end":{"line":126,"column":1}}},"fnMap":{},"branchMap":{},"s":{"0":1},"f":{},"b":{},"_coverageSchema":"1a1c01bbd47fc00a2c39e90264f33305004495a9","hash":"736feb5f4ecb8af082d98fdf8c123859e9956c89"}
,"/home/staviasz/Desktop/projetos jose/contextVite/src/service/axiosaInstace.ts": {"path":"/home/staviasz/Desktop/projetos jose/contextVite/src/service/axiosaInstace.ts","statementMap":{"0":{"start":{"line":3,"column":17},"end":{"line":9,"column":2}}},"fnMap":{},"branchMap":{},"s":{"0":2},"f":{},"b":{},"_coverageSchema":"1a1c01bbd47fc00a2c39e90264f33305004495a9","hash":"66fece700e6cc1c172a679438141141cce55437d"}
}
