{"/home/staviasz/Desktop/projetos jose/libs_projeto_final/src/App.tsx": {"path":"/home/staviasz/Desktop/projetos jose/libs_projeto_final/src/App.tsx","statementMap":{"0":{"start":{"line":13,"column":30},"end":{"line":13,"column":44}},"1":{"start":{"line":15,"column":2},"end":{"line":18,"column":8}},"2":{"start":{"line":16,"column":24},"end":{"line":16,"column":60}},"3":{"start":{"line":17,"column":4},"end":{"line":17,"column":55}},"4":{"start":{"line":17,"column":21},"end":{"line":17,"column":55}},"5":{"start":{"line":20,"column":22},"end":{"line":23,"column":3}},"6":{"start":{"line":21,"column":4},"end":{"line":21,"column":65}},"7":{"start":{"line":22,"column":4},"end":{"line":22,"column":24}},"8":{"start":{"line":22,"column":21},"end":{"line":22,"column":23}},"9":{"start":{"line":25,"column":2},"end":{"line":36,"column":3}}},"fnMap":{"0":{"name":"App","decl":{"start":{"line":12,"column":24},"end":{"line":12,"column":27}},"loc":{"start":{"line":12,"column":30},"end":{"line":37,"column":1}},"line":12},"1":{"name":"(anonymous_1)","decl":{"start":{"line":15,"column":12},"end":{"line":15,"column":13}},"loc":{"start":{"line":15,"column":18},"end":{"line":18,"column":3}},"line":15},"2":{"name":"(anonymous_2)","decl":{"start":{"line":20,"column":22},"end":{"line":20,"column":23}},"loc":{"start":{"line":20,"column":28},"end":{"line":23,"column":3}},"line":20},"3":{"name":"(anonymous_3)","decl":{"start":{"line":22,"column":14},"end":{"line":22,"column":15}},"loc":{"start":{"line":22,"column":21},"end":{"line":22,"column":23}},"line":22}},"branchMap":{"0":{"loc":{"start":{"line":17,"column":4},"end":{"line":17,"column":55}},"type":"if","locations":[{"start":{"line":17,"column":4},"end":{"line":17,"column":55}},{"start":{},"end":{}}],"line":17},"1":{"loc":{"start":{"line":28,"column":30},"end":{"line":28,"column":61}},"type":"cond-expr","locations":[{"start":{"line":28,"column":39},"end":{"line":28,"column":48}},{"start":{"line":28,"column":51},"end":{"line":28,"column":61}}],"line":28}},"s":{"0":3,"1":3,"2":2,"3":2,"4":0,"5":3,"6":1,"7":1,"8":1,"9":3},"f":{"0":3,"1":2,"2":1,"3":1},"b":{"0":[0,2],"1":[2,1]},"_coverageSchema":"1a1c01bbd47fc00a2c39e90264f33305004495a9","hash":"73b4a992ba11a8afbc66cccec8e1ff23dcc5a65d"}
,"/home/staviasz/Desktop/projetos jose/libs_projeto_final/src/main.tsx": {"path":"/home/staviasz/Desktop/projetos jose/libs_projeto_final/src/main.tsx","statementMap":{"0":{"start":{"line":5,"column":0},"end":{"line":9,"column":1}}},"fnMap":{},"branchMap":{},"s":{"0":0},"f":{},"b":{}}
,"/home/staviasz/Desktop/projetos jose/libs_projeto_final/src/components/Anotations/index.tsx": {"path":"/home/staviasz/Desktop/projetos jose/libs_projeto_final/src/components/Anotations/index.tsx","statementMap":{"0":{"start":{"line":11,"column":28},"end":{"line":11,"column":47}},"1":{"start":{"line":12,"column":28},"end":{"line":12,"column":56}},"2":{"start":{"line":13,"column":40},"end":{"line":13,"column":64}},"3":{"start":{"line":14,"column":40},"end":{"line":14,"column":63}},"4":{"start":{"line":15,"column":38},"end":{"line":15,"column":48}},"5":{"start":{"line":16,"column":25},"end":{"line":16,"column":37}},"6":{"start":{"line":18,"column":18},"end":{"line":18,"column":19}},"7":{"start":{"line":20,"column":2},"end":{"line":34,"column":25}},"8":{"start":{"line":21,"column":4},"end":{"line":33,"column":5}},"9":{"start":{"line":22,"column":6},"end":{"line":22,"column":26}},"10":{"start":{"line":23,"column":6},"end":{"line":27,"column":7}},"11":{"start":{"line":24,"column":8},"end":{"line":24,"column":28}},"12":{"start":{"line":26,"column":8},"end":{"line":26,"column":29}},"13":{"start":{"line":28,"column":6},"end":{"line":32,"column":7}},"14":{"start":{"line":29,"column":8},"end":{"line":29,"column":28}},"15":{"start":{"line":31,"column":8},"end":{"line":31,"column":29}},"16":{"start":{"line":36,"column":21},"end":{"line":41,"column":3}},"17":{"start":{"line":37,"column":4},"end":{"line":40,"column":5}},"18":{"start":{"line":38,"column":23},"end":{"line":38,"column":38}},"19":{"start":{"line":39,"column":6},"end":{"line":39,"column":24}},"20":{"start":{"line":42,"column":21},"end":{"line":47,"column":3}},"21":{"start":{"line":43,"column":4},"end":{"line":46,"column":5}},"22":{"start":{"line":44,"column":23},"end":{"line":44,"column":38}},"23":{"start":{"line":45,"column":6},"end":{"line":45,"column":24}},"24":{"start":{"line":49,"column":19},"end":{"line":52,"column":3}},"25":{"start":{"line":50,"column":4},"end":{"line":50,"column":19}},"26":{"start":{"line":51,"column":4},"end":{"line":51,"column":22}},"27":{"start":{"line":54,"column":2},"end":{"line":93,"column":3}},"28":{"start":{"line":60,"column":14},"end":{"line":60,"column":64}}},"fnMap":{"0":{"name":"Anotations","decl":{"start":{"line":10,"column":24},"end":{"line":10,"column":34}},"loc":{"start":{"line":10,"column":37},"end":{"line":94,"column":1}},"line":10},"1":{"name":"(anonymous_1)","decl":{"start":{"line":20,"column":12},"end":{"line":20,"column":13}},"loc":{"start":{"line":20,"column":18},"end":{"line":34,"column":3}},"line":20},"2":{"name":"(anonymous_2)","decl":{"start":{"line":36,"column":21},"end":{"line":36,"column":22}},"loc":{"start":{"line":36,"column":27},"end":{"line":41,"column":3}},"line":36},"3":{"name":"(anonymous_3)","decl":{"start":{"line":42,"column":21},"end":{"line":42,"column":22}},"loc":{"start":{"line":42,"column":27},"end":{"line":47,"column":3}},"line":42},"4":{"name":"(anonymous_4)","decl":{"start":{"line":49,"column":19},"end":{"line":49,"column":20}},"loc":{"start":{"line":49,"column":25},"end":{"line":52,"column":3}},"line":49},"5":{"name":"(anonymous_5)","decl":{"start":{"line":59,"column":53},"end":{"line":59,"column":54}},"loc":{"start":{"line":60,"column":14},"end":{"line":60,"column":64}},"line":60}},"branchMap":{"0":{"loc":{"start":{"line":21,"column":4},"end":{"line":33,"column":5}},"type":"if","locations":[{"start":{"line":21,"column":4},"end":{"line":33,"column":5}},{"start":{},"end":{}}],"line":21},"1":{"loc":{"start":{"line":23,"column":6},"end":{"line":27,"column":7}},"type":"if","locations":[{"start":{"line":23,"column":6},"end":{"line":27,"column":7}},{"start":{"line":25,"column":13},"end":{"line":27,"column":7}}],"line":23},"2":{"loc":{"start":{"line":28,"column":6},"end":{"line":32,"column":7}},"type":"if","locations":[{"start":{"line":28,"column":6},"end":{"line":32,"column":7}},{"start":{"line":30,"column":13},"end":{"line":32,"column":7}}],"line":28},"3":{"loc":{"start":{"line":37,"column":4},"end":{"line":40,"column":5}},"type":"if","locations":[{"start":{"line":37,"column":4},"end":{"line":40,"column":5}},{"start":{},"end":{}}],"line":37},"4":{"loc":{"start":{"line":37,"column":8},"end":{"line":37,"column":60}},"type":"binary-expr","locations":[{"start":{"line":37,"column":8},"end":{"line":37,"column":35}},{"start":{"line":37,"column":39},"end":{"line":37,"column":60}}],"line":37},"5":{"loc":{"start":{"line":43,"column":4},"end":{"line":46,"column":5}},"type":"if","locations":[{"start":{"line":43,"column":4},"end":{"line":46,"column":5}},{"start":{},"end":{}}],"line":43},"6":{"loc":{"start":{"line":43,"column":8},"end":{"line":43,"column":60}},"type":"binary-expr","locations":[{"start":{"line":43,"column":8},"end":{"line":43,"column":35}},{"start":{"line":43,"column":39},"end":{"line":43,"column":60}}],"line":43},"7":{"loc":{"start":{"line":56,"column":7},"end":{"line":91,"column":7}},"type":"cond-expr","locations":[{"start":{"line":57,"column":8},"end":{"line":80,"column":25}},{"start":{"line":82,"column":8},"end":{"line":90,"column":30}}],"line":56},"8":{"loc":{"start":{"line":56,"column":7},"end":{"line":56,"column":32}},"type":"binary-expr","locations":[{"start":{"line":56,"column":7},"end":{"line":56,"column":12}},{"start":{"line":56,"column":16},"end":{"line":56,"column":32}}],"line":56}},"s":{"0":30,"1":30,"2":30,"3":30,"4":30,"5":30,"6":30,"7":30,"8":17,"9":14,"10":14,"11":7,"12":7,"13":14,"14":13,"15":1,"16":30,"17":1,"18":1,"19":1,"20":30,"21":1,"22":1,"23":1,"24":30,"25":1,"26":1,"27":30,"28":50},"f":{"0":30,"1":17,"2":1,"3":1,"4":1,"5":50},"b":{"0":[14,3],"1":[7,7],"2":[13,1],"3":[1,0],"4":[1,1],"5":[1,0],"6":[1,1],"7":[10,20],"8":[30,17]},"_coverageSchema":"1a1c01bbd47fc00a2c39e90264f33305004495a9","hash":"2ba05c93c49b1f1d0dcf7d4328ec93a51db66ed2"}
,"/home/staviasz/Desktop/projetos jose/libs_projeto_final/src/components/CardAnotation/index.tsx": {"path":"/home/staviasz/Desktop/projetos jose/libs_projeto_final/src/components/CardAnotation/index.tsx","statementMap":{"0":{"start":{"line":23,"column":62},"end":{"line":23,"column":72}},"1":{"start":{"line":24,"column":40},"end":{"line":24,"column":52}},"2":{"start":{"line":25,"column":35},"end":{"line":25,"column":43}},"3":{"start":{"line":26,"column":18},"end":{"line":26,"column":28}},"4":{"start":{"line":28,"column":25},"end":{"line":41,"column":3}},"5":{"start":{"line":29,"column":4},"end":{"line":38,"column":6}},"6":{"start":{"line":39,"column":4},"end":{"line":39,"column":22}},"7":{"start":{"line":40,"column":4},"end":{"line":40,"column":20}},"8":{"start":{"line":43,"column":19},"end":{"line":52,"column":3}},"9":{"start":{"line":44,"column":4},"end":{"line":44,"column":17}},"10":{"start":{"line":45,"column":4},"end":{"line":49,"column":5}},"11":{"start":{"line":46,"column":19},"end":{"line":46,"column":57}},"12":{"start":{"line":46,"column":42},"end":{"line":46,"column":56}},"13":{"start":{"line":48,"column":6},"end":{"line":48,"column":37}},"14":{"start":{"line":50,"column":4},"end":{"line":50,"column":22}},"15":{"start":{"line":51,"column":4},"end":{"line":51,"column":19}},"16":{"start":{"line":54,"column":26},"end":{"line":57,"column":3}},"17":{"start":{"line":55,"column":25},"end":{"line":55,"column":66}},"18":{"start":{"line":55,"column":51},"end":{"line":55,"column":65}},"19":{"start":{"line":56,"column":4},"end":{"line":56,"column":31}},"20":{"start":{"line":59,"column":27},"end":{"line":61,"column":3}},"21":{"start":{"line":60,"column":14},"end":{"line":60,"column":36}},"22":{"start":{"line":62,"column":27},"end":{"line":64,"column":3}},"23":{"start":{"line":63,"column":14},"end":{"line":63,"column":36}},"24":{"start":{"line":66,"column":2},"end":{"line":110,"column":3}},"25":{"start":{"line":104,"column":25},"end":{"line":104,"column":45}}},"fnMap":{"0":{"name":"CardAnotation","decl":{"start":{"line":13,"column":24},"end":{"line":13,"column":37}},"loc":{"start":{"line":22,"column":10},"end":{"line":111,"column":1}},"line":22},"1":{"name":"(anonymous_1)","decl":{"start":{"line":28,"column":25},"end":{"line":28,"column":26}},"loc":{"start":{"line":28,"column":31},"end":{"line":41,"column":3}},"line":28},"2":{"name":"(anonymous_2)","decl":{"start":{"line":43,"column":19},"end":{"line":43,"column":20}},"loc":{"start":{"line":43,"column":25},"end":{"line":52,"column":3}},"line":43},"3":{"name":"(anonymous_3)","decl":{"start":{"line":46,"column":32},"end":{"line":46,"column":33}},"loc":{"start":{"line":46,"column":42},"end":{"line":46,"column":56}},"line":46},"4":{"name":"(anonymous_4)","decl":{"start":{"line":54,"column":26},"end":{"line":54,"column":27}},"loc":{"start":{"line":54,"column":42},"end":{"line":57,"column":3}},"line":54},"5":{"name":"(anonymous_5)","decl":{"start":{"line":55,"column":41},"end":{"line":55,"column":42}},"loc":{"start":{"line":55,"column":51},"end":{"line":55,"column":65}},"line":55},"6":{"name":"(anonymous_6)","decl":{"start":{"line":60,"column":4},"end":{"line":60,"column":5}},"loc":{"start":{"line":60,"column":14},"end":{"line":60,"column":36}},"line":60},"7":{"name":"(anonymous_7)","decl":{"start":{"line":63,"column":4},"end":{"line":63,"column":5}},"loc":{"start":{"line":63,"column":14},"end":{"line":63,"column":36}},"line":63},"8":{"name":"(anonymous_8)","decl":{"start":{"line":104,"column":19},"end":{"line":104,"column":20}},"loc":{"start":{"line":104,"column":25},"end":{"line":104,"column":45}},"line":104}},"branchMap":{"0":{"loc":{"start":{"line":45,"column":4},"end":{"line":49,"column":5}},"type":"if","locations":[{"start":{"line":45,"column":4},"end":{"line":49,"column":5}},{"start":{},"end":{}}],"line":45},"1":{"loc":{"start":{"line":68,"column":7},"end":{"line":74,"column":7}},"type":"binary-expr","locations":[{"start":{"line":68,"column":7},"end":{"line":68,"column":15}},{"start":{"line":69,"column":8},"end":{"line":73,"column":15}}],"line":68},"2":{"loc":{"start":{"line":75,"column":7},"end":{"line":81,"column":7}},"type":"binary-expr","locations":[{"start":{"line":75,"column":7},"end":{"line":75,"column":15}},{"start":{"line":76,"column":8},"end":{"line":80,"column":15}}],"line":75}},"s":{"0":50,"1":50,"2":50,"3":50,"4":50,"5":1,"6":1,"7":1,"8":50,"9":1,"10":1,"11":1,"12":1,"13":1,"14":1,"15":1,"16":50,"17":1,"18":7,"19":1,"20":50,"21":200,"22":50,"23":50,"24":50,"25":1},"f":{"0":50,"1":1,"2":1,"3":1,"4":1,"5":7,"6":200,"7":50,"8":1},"b":{"0":[1,0],"1":[50,50],"2":[50,50]},"_coverageSchema":"1a1c01bbd47fc00a2c39e90264f33305004495a9","hash":"08e4a5bcfc32c64d7ade422d0a76658198c29818"}
,"/home/staviasz/Desktop/projetos jose/libs_projeto_final/src/components/CardDetail/index.tsx": {"path":"/home/staviasz/Desktop/projetos jose/libs_projeto_final/src/components/CardDetail/index.tsx","statementMap":{"0":{"start":{"line":9,"column":37},"end":{"line":9,"column":47}},"1":{"start":{"line":10,"column":35},"end":{"line":10,"column":43}},"2":{"start":{"line":12,"column":22},"end":{"line":14,"column":3}},"3":{"start":{"line":13,"column":4},"end":{"line":13,"column":23}},"4":{"start":{"line":16,"column":4},"end":{"line":16,"column":12}},"5":{"start":{"line":18,"column":27},"end":{"line":20,"column":3}},"6":{"start":{"line":19,"column":14},"end":{"line":19,"column":36}},"7":{"start":{"line":21,"column":27},"end":{"line":23,"column":3}},"8":{"start":{"line":22,"column":14},"end":{"line":22,"column":36}},"9":{"start":{"line":24,"column":2},"end":{"line":50,"column":3}}},"fnMap":{"0":{"name":"CardDetail","decl":{"start":{"line":8,"column":24},"end":{"line":8,"column":34}},"loc":{"start":{"line":8,"column":37},"end":{"line":51,"column":1}},"line":8},"1":{"name":"(anonymous_1)","decl":{"start":{"line":12,"column":22},"end":{"line":12,"column":23}},"loc":{"start":{"line":12,"column":28},"end":{"line":14,"column":3}},"line":12},"2":{"name":"(anonymous_2)","decl":{"start":{"line":19,"column":4},"end":{"line":19,"column":5}},"loc":{"start":{"line":19,"column":14},"end":{"line":19,"column":36}},"line":19},"3":{"name":"(anonymous_3)","decl":{"start":{"line":22,"column":4},"end":{"line":22,"column":5}},"loc":{"start":{"line":22,"column":14},"end":{"line":22,"column":36}},"line":22}},"branchMap":{"0":{"loc":{"start":{"line":29,"column":7},"end":{"line":35,"column":7}},"type":"binary-expr","locations":[{"start":{"line":29,"column":7},"end":{"line":29,"column":15}},{"start":{"line":30,"column":8},"end":{"line":34,"column":15}}],"line":29},"1":{"loc":{"start":{"line":36,"column":7},"end":{"line":42,"column":7}},"type":"binary-expr","locations":[{"start":{"line":36,"column":7},"end":{"line":36,"column":15}},{"start":{"line":37,"column":8},"end":{"line":41,"column":15}}],"line":36}},"s":{"0":3,"1":3,"2":3,"3":0,"4":3,"5":3,"6":12,"7":3,"8":12,"9":3},"f":{"0":3,"1":0,"2":12,"3":12},"b":{"0":[3,0],"1":[3,0]},"_coverageSchema":"1a1c01bbd47fc00a2c39e90264f33305004495a9","hash":"a9cc83531d61e5eb31d420dceeff2c1711976a78"}
,"/home/staviasz/Desktop/projetos jose/libs_projeto_final/src/components/ChangeTheme/index.tsx": {"path":"/home/staviasz/Desktop/projetos jose/libs_projeto_final/src/components/ChangeTheme/index.tsx","statementMap":{"0":{"start":{"line":10,"column":2},"end":{"line":18,"column":3}}},"fnMap":{"0":{"name":"ChangeTheme","decl":{"start":{"line":9,"column":24},"end":{"line":9,"column":35}},"loc":{"start":{"line":9,"column":69},"end":{"line":19,"column":1}},"line":9}},"branchMap":{"0":{"loc":{"start":{"line":16,"column":29},"end":{"line":16,"column":67}},"type":"cond-expr","locations":[{"start":{"line":16,"column":38},"end":{"line":16,"column":54}},{"start":{"line":16,"column":57},"end":{"line":16,"column":67}}],"line":16}},"s":{"0":17},"f":{"0":17},"b":{"0":[4,13]},"_coverageSchema":"1a1c01bbd47fc00a2c39e90264f33305004495a9","hash":"733354d1e51fe5c347b5e0040b582a1b418e68e1"}
,"/home/staviasz/Desktop/projetos jose/libs_projeto_final/src/components/Checkbox/index.tsx": {"path":"/home/staviasz/Desktop/projetos jose/libs_projeto_final/src/components/Checkbox/index.tsx","statementMap":{"0":{"start":{"line":12,"column":36},"end":{"line":12,"column":53}},"1":{"start":{"line":13,"column":40},"end":{"line":13,"column":52}},"2":{"start":{"line":15,"column":24},"end":{"line":25,"column":3}},"3":{"start":{"line":16,"column":21},"end":{"line":16,"column":31}},"4":{"start":{"line":17,"column":4},"end":{"line":17,"column":26}},"5":{"start":{"line":19,"column":17},"end":{"line":19,"column":41}},"6":{"start":{"line":20,"column":26},"end":{"line":22,"column":25}},"7":{"start":{"line":21,"column":6},"end":{"line":21,"column":62}},"8":{"start":{"line":24,"column":4},"end":{"line":24,"column":32}},"9":{"start":{"line":27,"column":2},"end":{"line":37,"column":3}}},"fnMap":{"0":{"name":"CheckBox","decl":{"start":{"line":11,"column":24},"end":{"line":11,"column":32}},"loc":{"start":{"line":11,"column":58},"end":{"line":38,"column":1}},"line":11},"1":{"name":"(anonymous_1)","decl":{"start":{"line":15,"column":24},"end":{"line":15,"column":25}},"loc":{"start":{"line":15,"column":30},"end":{"line":25,"column":3}},"line":15},"2":{"name":"(anonymous_2)","decl":{"start":{"line":20,"column":57},"end":{"line":20,"column":58}},"loc":{"start":{"line":21,"column":6},"end":{"line":21,"column":62}},"line":21}},"branchMap":{"0":{"loc":{"start":{"line":21,"column":6},"end":{"line":21,"column":62}},"type":"cond-expr","locations":[{"start":{"line":21,"column":23},"end":{"line":21,"column":55}},{"start":{"line":21,"column":58},"end":{"line":21,"column":62}}],"line":21}},"s":{"0":60,"1":60,"2":60,"3":2,"4":2,"5":2,"6":2,"7":1,"8":2,"9":60},"f":{"0":60,"1":2,"2":1},"b":{"0":[1,0]},"_coverageSchema":"1a1c01bbd47fc00a2c39e90264f33305004495a9","hash":"8e5aa70fadddeedf9c934932fe046f11355052f0"}
,"/home/staviasz/Desktop/projetos jose/libs_projeto_final/src/components/ContainerMain/index.tsx": {"path":"/home/staviasz/Desktop/projetos jose/libs_projeto_final/src/components/ContainerMain/index.tsx","statementMap":{"0":{"start":{"line":11,"column":2},"end":{"line":16,"column":3}}},"fnMap":{"0":{"name":"ContainerMain","decl":{"start":{"line":10,"column":24},"end":{"line":10,"column":37}},"loc":{"start":{"line":10,"column":71},"end":{"line":17,"column":1}},"line":10}},"branchMap":{},"s":{"0":6},"f":{"0":6},"b":{},"_coverageSchema":"1a1c01bbd47fc00a2c39e90264f33305004495a9","hash":"f7036658ee3e09dce3e62d067d5741bebc8719ee"}
,"/home/staviasz/Desktop/projetos jose/libs_projeto_final/src/components/FormAddAnnotation/index.tsx": {"path":"/home/staviasz/Desktop/projetos jose/libs_projeto_final/src/components/FormAddAnnotation/index.tsx","statementMap":{"0":{"start":{"line":23,"column":46},"end":{"line":23,"column":56}},"1":{"start":{"line":24,"column":52},"end":{"line":24,"column":64}},"2":{"start":{"line":25,"column":22},"end":{"line":34,"column":3}},"3":{"start":{"line":35,"column":34},"end":{"line":35,"column":66}},"4":{"start":{"line":36,"column":28},"end":{"line":36,"column":52}},"5":{"start":{"line":38,"column":19},"end":{"line":38,"column":67}},"6":{"start":{"line":38,"column":55},"end":{"line":38,"column":66}},"7":{"start":{"line":39,"column":19},"end":{"line":39,"column":67}},"8":{"start":{"line":39,"column":55},"end":{"line":39,"column":66}},"9":{"start":{"line":41,"column":23},"end":{"line":53,"column":3}},"10":{"start":{"line":46,"column":28},"end":{"line":46,"column":34}},"11":{"start":{"line":47,"column":4},"end":{"line":52,"column":6}},"12":{"start":{"line":48,"column":6},"end":{"line":51,"column":7}},"13":{"start":{"line":55,"column":19},"end":{"line":96,"column":3}},"14":{"start":{"line":56,"column":4},"end":{"line":56,"column":22}},"15":{"start":{"line":57,"column":27},"end":{"line":57,"column":35}},"16":{"start":{"line":58,"column":24},"end":{"line":58,"column":34}},"17":{"start":{"line":59,"column":21},"end":{"line":59,"column":48}},"18":{"start":{"line":60,"column":20},"end":{"line":60,"column":30}},"19":{"start":{"line":62,"column":54},"end":{"line":62,"column":56}},"20":{"start":{"line":63,"column":22},"end":{"line":63,"column":37}},"21":{"start":{"line":64,"column":17},"end":{"line":64,"column":18}},"22":{"start":{"line":65,"column":4},"end":{"line":84,"column":5}},"23":{"start":{"line":66,"column":29},"end":{"line":66,"column":71}},"24":{"start":{"line":66,"column":52},"end":{"line":66,"column":70}},"25":{"start":{"line":68,"column":6},"end":{"line":83,"column":7}},"26":{"start":{"line":69,"column":22},"end":{"line":69,"column":26}},"27":{"start":{"line":70,"column":8},"end":{"line":74,"column":9}},"28":{"start":{"line":71,"column":21},"end":{"line":71,"column":58}},"29":{"start":{"line":72,"column":10},"end":{"line":72,"column":58}},"30":{"start":{"line":72,"column":43},"end":{"line":72,"column":57}},"31":{"start":{"line":73,"column":10},"end":{"line":73,"column":21}},"32":{"start":{"line":75,"column":8},"end":{"line":75,"column":62}},"33":{"start":{"line":76,"column":8},"end":{"line":76,"column":35}},"34":{"start":{"line":78,"column":8},"end":{"line":78,"column":59}},"35":{"start":{"line":79,"column":24},"end":{"line":79,"column":48}},"36":{"start":{"line":80,"column":8},"end":{"line":82,"column":29}},"37":{"start":{"line":81,"column":10},"end":{"line":81,"column":62}},"38":{"start":{"line":86,"column":4},"end":{"line":86,"column":28}},"39":{"start":{"line":88,"column":4},"end":{"line":95,"column":5}},"40":{"start":{"line":89,"column":6},"end":{"line":89,"column":34}},"41":{"start":{"line":90,"column":6},"end":{"line":90,"column":21}},"42":{"start":{"line":91,"column":6},"end":{"line":91,"column":25}},"43":{"start":{"line":93,"column":6},"end":{"line":93,"column":20}},"44":{"start":{"line":94,"column":6},"end":{"line":94,"column":12}},"45":{"start":{"line":98,"column":23},"end":{"line":102,"column":3}},"46":{"start":{"line":99,"column":4},"end":{"line":99,"column":19}},"47":{"start":{"line":100,"column":4},"end":{"line":100,"column":23}},"48":{"start":{"line":101,"column":4},"end":{"line":101,"column":28}},"49":{"start":{"line":104,"column":2},"end":{"line":198,"column":3}},"50":{"start":{"line":106,"column":29},"end":{"line":106,"column":48}},"51":{"start":{"line":109,"column":31},"end":{"line":109,"column":42}},"52":{"start":{"line":118,"column":64},"end":{"line":118,"column":79}},"53":{"start":{"line":130,"column":14},"end":{"line":130,"column":29}},"54":{"start":{"line":142,"column":14},"end":{"line":142,"column":29}},"55":{"start":{"line":157,"column":14},"end":{"line":157,"column":29}},"56":{"start":{"line":170,"column":14},"end":{"line":170,"column":29}},"57":{"start":{"line":183,"column":12},"end":{"line":183,"column":27}}},"fnMap":{"0":{"name":"FormAddAnotation","decl":{"start":{"line":22,"column":24},"end":{"line":22,"column":40}},"loc":{"start":{"line":22,"column":43},"end":{"line":199,"column":1}},"line":22},"1":{"name":"(anonymous_1)","decl":{"start":{"line":38,"column":43},"end":{"line":38,"column":44}},"loc":{"start":{"line":38,"column":55},"end":{"line":38,"column":66}},"line":38},"2":{"name":"(anonymous_2)","decl":{"start":{"line":39,"column":43},"end":{"line":39,"column":44}},"loc":{"start":{"line":39,"column":55},"end":{"line":39,"column":66}},"line":39},"3":{"name":"(anonymous_3)","decl":{"start":{"line":41,"column":23},"end":{"line":41,"column":24}},"loc":{"start":{"line":45,"column":8},"end":{"line":53,"column":3}},"line":45},"4":{"name":"(anonymous_4)","decl":{"start":{"line":47,"column":16},"end":{"line":47,"column":17}},"loc":{"start":{"line":47,"column":34},"end":{"line":52,"column":5}},"line":47},"5":{"name":"(anonymous_5)","decl":{"start":{"line":55,"column":19},"end":{"line":55,"column":20}},"loc":{"start":{"line":55,"column":43},"end":{"line":96,"column":3}},"line":55},"6":{"name":"(anonymous_6)","decl":{"start":{"line":66,"column":42},"end":{"line":66,"column":43}},"loc":{"start":{"line":66,"column":52},"end":{"line":66,"column":70}},"line":66},"7":{"name":"(anonymous_7)","decl":{"start":{"line":72,"column":33},"end":{"line":72,"column":34}},"loc":{"start":{"line":72,"column":43},"end":{"line":72,"column":57}},"line":72},"8":{"name":"(anonymous_8)","decl":{"start":{"line":80,"column":58},"end":{"line":80,"column":59}},"loc":{"start":{"line":81,"column":10},"end":{"line":81,"column":62}},"line":81},"9":{"name":"(anonymous_9)","decl":{"start":{"line":98,"column":23},"end":{"line":98,"column":24}},"loc":{"start":{"line":98,"column":29},"end":{"line":102,"column":3}},"line":98},"10":{"name":"(anonymous_10)","decl":{"start":{"line":106,"column":23},"end":{"line":106,"column":24}},"loc":{"start":{"line":106,"column":29},"end":{"line":106,"column":48}},"line":106},"11":{"name":"(anonymous_11)","decl":{"start":{"line":109,"column":24},"end":{"line":109,"column":25}},"loc":{"start":{"line":109,"column":31},"end":{"line":109,"column":42}},"line":109},"12":{"name":"(anonymous_12)","decl":{"start":{"line":118,"column":20},"end":{"line":118,"column":21}},"loc":{"start":{"line":118,"column":64},"end":{"line":118,"column":79}},"line":118},"13":{"name":"(anonymous_13)","decl":{"start":{"line":129,"column":22},"end":{"line":129,"column":23}},"loc":{"start":{"line":130,"column":14},"end":{"line":130,"column":29}},"line":130},"14":{"name":"(anonymous_14)","decl":{"start":{"line":141,"column":22},"end":{"line":141,"column":23}},"loc":{"start":{"line":142,"column":14},"end":{"line":142,"column":29}},"line":142},"15":{"name":"(anonymous_15)","decl":{"start":{"line":156,"column":22},"end":{"line":156,"column":23}},"loc":{"start":{"line":157,"column":14},"end":{"line":157,"column":29}},"line":157},"16":{"name":"(anonymous_16)","decl":{"start":{"line":169,"column":22},"end":{"line":169,"column":23}},"loc":{"start":{"line":170,"column":14},"end":{"line":170,"column":29}},"line":170},"17":{"name":"(anonymous_17)","decl":{"start":{"line":182,"column":20},"end":{"line":182,"column":21}},"loc":{"start":{"line":183,"column":12},"end":{"line":183,"column":27}},"line":183}},"branchMap":{"0":{"loc":{"start":{"line":65,"column":4},"end":{"line":84,"column":5}},"type":"if","locations":[{"start":{"line":65,"column":4},"end":{"line":84,"column":5}},{"start":{},"end":{}}],"line":65},"1":{"loc":{"start":{"line":68,"column":6},"end":{"line":83,"column":7}},"type":"if","locations":[{"start":{"line":68,"column":6},"end":{"line":83,"column":7}},{"start":{"line":77,"column":13},"end":{"line":83,"column":7}}],"line":68},"2":{"loc":{"start":{"line":81,"column":10},"end":{"line":81,"column":62}},"type":"cond-expr","locations":[{"start":{"line":81,"column":31},"end":{"line":81,"column":55}},{"start":{"line":81,"column":58},"end":{"line":81,"column":62}}],"line":81},"3":{"loc":{"start":{"line":88,"column":4},"end":{"line":95,"column":5}},"type":"if","locations":[{"start":{"line":88,"column":4},"end":{"line":95,"column":5}},{"start":{"line":92,"column":11},"end":{"line":95,"column":5}}],"line":88},"4":{"loc":{"start":{"line":193,"column":9},"end":{"line":195,"column":9}},"type":"binary-expr","locations":[{"start":{"line":193,"column":9},"end":{"line":193,"column":14}},{"start":{"line":194,"column":10},"end":{"line":194,"column":79}}],"line":193}},"s":{"0":26,"1":26,"2":26,"3":26,"4":26,"5":26,"6":104,"7":26,"8":104,"9":26,"10":14,"11":14,"12":14,"13":26,"14":2,"15":2,"16":2,"17":2,"18":2,"19":2,"20":2,"21":2,"22":2,"23":2,"24":0,"25":2,"26":2,"27":2,"28":2,"29":2,"30":0,"31":2,"32":2,"33":2,"34":0,"35":0,"36":0,"37":0,"38":2,"39":2,"40":1,"41":1,"42":1,"43":1,"44":1,"45":26,"46":1,"47":1,"48":1,"49":26,"50":1,"51":2,"52":3,"53":3,"54":3,"55":2,"56":2,"57":1},"f":{"0":26,"1":104,"2":104,"3":14,"4":14,"5":2,"6":0,"7":0,"8":0,"9":1,"10":1,"11":2,"12":3,"13":3,"14":3,"15":2,"16":2,"17":1},"b":{"0":[2,0],"1":[2,0],"2":[0,0],"3":[1,1],"4":[26,1]},"_coverageSchema":"1a1c01bbd47fc00a2c39e90264f33305004495a9","hash":"856bad859a1914df6c1e8c38bf41c62141a601a8"}
,"/home/staviasz/Desktop/projetos jose/libs_projeto_final/src/components/Header/index.tsx": {"path":"/home/staviasz/Desktop/projetos jose/libs_projeto_final/src/components/Header/index.tsx","statementMap":{"0":{"start":{"line":14,"column":2},"end":{"line":29,"column":3}}},"fnMap":{"0":{"name":"Header","decl":{"start":{"line":13,"column":24},"end":{"line":13,"column":30}},"loc":{"start":{"line":13,"column":64},"end":{"line":30,"column":1}},"line":13}},"branchMap":{},"s":{"0":6},"f":{"0":6},"b":{},"_coverageSchema":"1a1c01bbd47fc00a2c39e90264f33305004495a9","hash":"fbaa7fd7796d695f0fda755b38d37614c1fbbffa"}
,"/home/staviasz/Desktop/projetos jose/libs_projeto_final/src/components/InputLabel/index.tsx": {"path":"/home/staviasz/Desktop/projetos jose/libs_projeto_final/src/components/InputLabel/index.tsx","statementMap":{"0":{"start":{"line":80,"column":2},"end":{"line":121,"column":3}}},"fnMap":{"0":{"name":"InputLabel","decl":{"start":{"line":48,"column":24},"end":{"line":48,"column":34}},"loc":{"start":{"line":79,"column":16},"end":{"line":122,"column":1}},"line":79}},"branchMap":{"0":{"loc":{"start":{"line":72,"column":2},"end":{"line":72,"column":15}},"type":"default-arg","locations":[{"start":{"line":72,"column":9},"end":{"line":72,"column":15}}],"line":72},"1":{"loc":{"start":{"line":73,"column":2},"end":{"line":73,"column":18}},"type":"default-arg","locations":[{"start":{"line":73,"column":13},"end":{"line":73,"column":18}}],"line":73},"2":{"loc":{"start":{"line":106,"column":9},"end":{"line":106,"column":35}},"type":"binary-expr","locations":[{"start":{"line":106,"column":9},"end":{"line":106,"column":17}},{"start":{"line":106,"column":21},"end":{"line":106,"column":35}}],"line":106}},"s":{"0":83},"f":{"0":83},"b":{"0":[5],"1":[0],"2":[83,82]},"_coverageSchema":"1a1c01bbd47fc00a2c39e90264f33305004495a9","hash":"16c5b5e1c282994c269ab0fe8d29cdc014a110b5"}
,"/home/staviasz/Desktop/projetos jose/libs_projeto_final/src/components/List/index.tsx": {"path":"/home/staviasz/Desktop/projetos jose/libs_projeto_final/src/components/List/index.tsx","statementMap":{"0":{"start":{"line":14,"column":36},"end":{"line":14,"column":60}},"1":{"start":{"line":15,"column":22},"end":{"line":15,"column":34}},"2":{"start":{"line":17,"column":20},"end":{"line":20,"column":3}},"3":{"start":{"line":22,"column":2},"end":{"line":46,"column":3}},"4":{"start":{"line":28,"column":25},"end":{"line":28,"column":48}},"5":{"start":{"line":28,"column":45},"end":{"line":28,"column":47}},"6":{"start":{"line":36,"column":12},"end":{"line":42,"column":25}},"7":{"start":{"line":39,"column":29},"end":{"line":39,"column":66}}},"fnMap":{"0":{"name":"List","decl":{"start":{"line":13,"column":24},"end":{"line":13,"column":28}},"loc":{"start":{"line":13,"column":59},"end":{"line":47,"column":1}},"line":13},"1":{"name":"(anonymous_1)","decl":{"start":{"line":28,"column":19},"end":{"line":28,"column":20}},"loc":{"start":{"line":28,"column":25},"end":{"line":28,"column":48}},"line":28},"2":{"name":"(anonymous_2)","decl":{"start":{"line":28,"column":38},"end":{"line":28,"column":39}},"loc":{"start":{"line":28,"column":45},"end":{"line":28,"column":47}},"line":28},"3":{"name":"(anonymous_3)","decl":{"start":{"line":35,"column":22},"end":{"line":35,"column":23}},"loc":{"start":{"line":36,"column":12},"end":{"line":42,"column":25}},"line":36},"4":{"name":"(anonymous_4)","decl":{"start":{"line":39,"column":23},"end":{"line":39,"column":24}},"loc":{"start":{"line":39,"column":29},"end":{"line":39,"column":66}},"line":39}},"branchMap":{"0":{"loc":{"start":{"line":30,"column":14},"end":{"line":30,"column":69}},"type":"cond-expr","locations":[{"start":{"line":30,"column":27},"end":{"line":30,"column":48}},{"start":{"line":30,"column":51},"end":{"line":30,"column":69}}],"line":30},"1":{"loc":{"start":{"line":34,"column":9},"end":{"line":43,"column":12}},"type":"binary-expr","locations":[{"start":{"line":34,"column":9},"end":{"line":34,"column":28}},{"start":{"line":35,"column":10},"end":{"line":43,"column":12}}],"line":34}},"s":{"0":24,"1":24,"2":24,"3":24,"4":1,"5":1,"6":86,"7":1},"f":{"0":24,"1":1,"2":1,"3":86,"4":1},"b":{"0":[23,1],"1":[24,23]},"_coverageSchema":"1a1c01bbd47fc00a2c39e90264f33305004495a9","hash":"3910c51ea9e93c2aa5940743f8dc9094e97a594e"}
,"/home/staviasz/Desktop/projetos jose/libs_projeto_final/src/components/Modal/index.tsx": {"path":"/home/staviasz/Desktop/projetos jose/libs_projeto_final/src/components/Modal/index.tsx","statementMap":{"0":{"start":{"line":7,"column":32},"end":{"line":7,"column":42}},"1":{"start":{"line":9,"column":2},"end":{"line":13,"column":3}}},"fnMap":{"0":{"name":"Modal","decl":{"start":{"line":6,"column":24},"end":{"line":6,"column":29}},"loc":{"start":{"line":6,"column":32},"end":{"line":14,"column":1}},"line":6}},"branchMap":{"0":{"loc":{"start":{"line":11,"column":7},"end":{"line":11,"column":53}},"type":"cond-expr","locations":[{"start":{"line":11,"column":16},"end":{"line":11,"column":36}},{"start":{"line":11,"column":39},"end":{"line":11,"column":53}}],"line":11}},"s":{"0":7,"1":7},"f":{"0":7},"b":{"0":[1,6]},"_coverageSchema":"1a1c01bbd47fc00a2c39e90264f33305004495a9","hash":"5ecf2df3a6e73bd1920d2a3627112c947be3e412"}
,"/home/staviasz/Desktop/projetos jose/libs_projeto_final/src/components/NewAnotation/index.tsx": {"path":"/home/staviasz/Desktop/projetos jose/libs_projeto_final/src/components/NewAnotation/index.tsx","statementMap":{"0":{"start":{"line":6,"column":38},"end":{"line":6,"column":48}},"1":{"start":{"line":8,"column":29},"end":{"line":11,"column":3}},"2":{"start":{"line":9,"column":4},"end":{"line":9,"column":19}},"3":{"start":{"line":10,"column":4},"end":{"line":10,"column":22}},"4":{"start":{"line":12,"column":2},"end":{"line":19,"column":3}}},"fnMap":{"0":{"name":"NewAnotation","decl":{"start":{"line":5,"column":24},"end":{"line":5,"column":36}},"loc":{"start":{"line":5,"column":39},"end":{"line":20,"column":1}},"line":5},"1":{"name":"(anonymous_1)","decl":{"start":{"line":8,"column":29},"end":{"line":8,"column":30}},"loc":{"start":{"line":8,"column":35},"end":{"line":11,"column":3}},"line":8}},"branchMap":{},"s":{"0":17,"1":17,"2":1,"3":1,"4":17},"f":{"0":17,"1":1},"b":{},"_coverageSchema":"1a1c01bbd47fc00a2c39e90264f33305004495a9","hash":"804e71325f9adac2ad03633717b9440853f10a07"}
,"/home/staviasz/Desktop/projetos jose/libs_projeto_final/src/components/Search/index.tsx": {"path":"/home/staviasz/Desktop/projetos jose/libs_projeto_final/src/components/Search/index.tsx","statementMap":{"0":{"start":{"line":7,"column":28},"end":{"line":7,"column":48}},"1":{"start":{"line":8,"column":25},"end":{"line":8,"column":37}},"2":{"start":{"line":10,"column":2},"end":{"line":12,"column":13}},"3":{"start":{"line":11,"column":4},"end":{"line":11,"column":21}},"4":{"start":{"line":14,"column":22},"end":{"line":17,"column":3}},"5":{"start":{"line":15,"column":22},"end":{"line":15,"column":30}},"6":{"start":{"line":16,"column":4},"end":{"line":16,"column":19}},"7":{"start":{"line":19,"column":2},"end":{"line":27,"column":3}},"8":{"start":{"line":23,"column":60},"end":{"line":23,"column":74}}},"fnMap":{"0":{"name":"Search","decl":{"start":{"line":6,"column":24},"end":{"line":6,"column":30}},"loc":{"start":{"line":6,"column":33},"end":{"line":28,"column":1}},"line":6},"1":{"name":"(anonymous_1)","decl":{"start":{"line":10,"column":12},"end":{"line":10,"column":13}},"loc":{"start":{"line":10,"column":18},"end":{"line":12,"column":3}},"line":10},"2":{"name":"(anonymous_2)","decl":{"start":{"line":14,"column":22},"end":{"line":14,"column":23}},"loc":{"start":{"line":14,"column":66},"end":{"line":17,"column":3}},"line":14},"3":{"name":"(anonymous_3)","decl":{"start":{"line":23,"column":16},"end":{"line":23,"column":17}},"loc":{"start":{"line":23,"column":60},"end":{"line":23,"column":74}},"line":23}},"branchMap":{},"s":{"0":24,"1":24,"2":24,"3":18,"4":24,"5":2,"6":2,"7":24,"8":2},"f":{"0":24,"1":18,"2":2,"3":2},"b":{},"_coverageSchema":"1a1c01bbd47fc00a2c39e90264f33305004495a9","hash":"5c2746ba537e885bad7bac17b334e08c14c3ba44"}
,"/home/staviasz/Desktop/projetos jose/libs_projeto_final/src/components/SelectLabel/index.tsx": {"path":"/home/staviasz/Desktop/projetos jose/libs_projeto_final/src/components/SelectLabel/index.tsx","statementMap":{"0":{"start":{"line":67,"column":32},"end":{"line":67,"column":56}},"1":{"start":{"line":68,"column":44},"end":{"line":70,"column":3}},"2":{"start":{"line":72,"column":24},"end":{"line":74,"column":3}},"3":{"start":{"line":73,"column":4},"end":{"line":73,"column":25}},"4":{"start":{"line":73,"column":22},"end":{"line":73,"column":24}},"5":{"start":{"line":75,"column":28},"end":{"line":86,"column":3}},"6":{"start":{"line":76,"column":4},"end":{"line":76,"column":27}},"7":{"start":{"line":77,"column":4},"end":{"line":77,"column":21}},"8":{"start":{"line":78,"column":4},"end":{"line":85,"column":5}},"9":{"start":{"line":79,"column":6},"end":{"line":84,"column":48}},"10":{"start":{"line":88,"column":2},"end":{"line":156,"column":3}},"11":{"start":{"line":131,"column":14},"end":{"line":139,"column":20}},"12":{"start":{"line":135,"column":31},"end":{"line":135,"column":56}},"13":{"start":{"line":149,"column":12},"end":{"line":151,"column":21}}},"fnMap":{"0":{"name":"SelectLabel","decl":{"start":{"line":36,"column":24},"end":{"line":36,"column":35}},"loc":{"start":{"line":66,"column":17},"end":{"line":157,"column":1}},"line":66},"1":{"name":"(anonymous_1)","decl":{"start":{"line":72,"column":24},"end":{"line":72,"column":25}},"loc":{"start":{"line":72,"column":30},"end":{"line":74,"column":3}},"line":72},"2":{"name":"(anonymous_2)","decl":{"start":{"line":73,"column":15},"end":{"line":73,"column":16}},"loc":{"start":{"line":73,"column":22},"end":{"line":73,"column":24}},"line":73},"3":{"name":"(anonymous_3)","decl":{"start":{"line":75,"column":28},"end":{"line":75,"column":29}},"loc":{"start":{"line":75,"column":47},"end":{"line":86,"column":3}},"line":75},"4":{"name":"(anonymous_4)","decl":{"start":{"line":130,"column":28},"end":{"line":130,"column":29}},"loc":{"start":{"line":131,"column":14},"end":{"line":139,"column":20}},"line":131},"5":{"name":"(anonymous_5)","decl":{"start":{"line":135,"column":25},"end":{"line":135,"column":26}},"loc":{"start":{"line":135,"column":31},"end":{"line":135,"column":56}},"line":135},"6":{"name":"(anonymous_6)","decl":{"start":{"line":148,"column":27},"end":{"line":148,"column":28}},"loc":{"start":{"line":149,"column":12},"end":{"line":151,"column":21}},"line":149}},"branchMap":{"0":{"loc":{"start":{"line":61,"column":2},"end":{"line":61,"column":18}},"type":"default-arg","locations":[{"start":{"line":61,"column":13},"end":{"line":61,"column":18}}],"line":61},"1":{"loc":{"start":{"line":69,"column":4},"end":{"line":69,"column":21}},"type":"binary-expr","locations":[{"start":{"line":69,"column":4},"end":{"line":69,"column":15}},{"start":{"line":69,"column":19},"end":{"line":69,"column":21}}],"line":69},"2":{"loc":{"start":{"line":78,"column":4},"end":{"line":85,"column":5}},"type":"if","locations":[{"start":{"line":78,"column":4},"end":{"line":85,"column":5}},{"start":{},"end":{}}],"line":78},"3":{"loc":{"start":{"line":117,"column":11},"end":{"line":117,"column":37}},"type":"binary-expr","locations":[{"start":{"line":117,"column":11},"end":{"line":117,"column":19}},{"start":{"line":117,"column":23},"end":{"line":117,"column":37}}],"line":117},"4":{"loc":{"start":{"line":129,"column":11},"end":{"line":140,"column":14}},"type":"binary-expr","locations":[{"start":{"line":129,"column":11},"end":{"line":129,"column":22}},{"start":{"line":130,"column":12},"end":{"line":140,"column":14}}],"line":129}},"s":{"0":55,"1":55,"2":55,"3":0,"4":0,"5":55,"6":4,"7":4,"8":4,"9":4,"10":55,"11":217,"12":4,"13":217},"f":{"0":55,"1":0,"2":0,"3":4,"4":217,"5":4,"6":217},"b":{"0":[0],"1":[55,55],"2":[4,0],"3":[55,0],"4":[55,55]},"_coverageSchema":"1a1c01bbd47fc00a2c39e90264f33305004495a9","hash":"e1d1455bad3167fe0aa8cda4e717f1629bd537ef"}
,"/home/staviasz/Desktop/projetos jose/libs_projeto_final/src/components/Sidebar/index.tsx": {"path":"/home/staviasz/Desktop/projetos jose/libs_projeto_final/src/components/Sidebar/index.tsx","statementMap":{"0":{"start":{"line":14,"column":2},"end":{"line":25,"column":3}},"1":{"start":{"line":17,"column":8},"end":{"line":17,"column":38}}},"fnMap":{"0":{"name":"Sidebar","decl":{"start":{"line":13,"column":24},"end":{"line":13,"column":31}},"loc":{"start":{"line":13,"column":65},"end":{"line":26,"column":1}},"line":13},"1":{"name":"(anonymous_1)","decl":{"start":{"line":16,"column":20},"end":{"line":16,"column":21}},"loc":{"start":{"line":17,"column":8},"end":{"line":17,"column":38}},"line":17}},"branchMap":{},"s":{"0":8,"1":16},"f":{"0":8,"1":16},"b":{},"_coverageSchema":"1a1c01bbd47fc00a2c39e90264f33305004495a9","hash":"bf808c2094a096af0331f6b655b8892ffaa8c8ad"}
,"/home/staviasz/Desktop/projetos jose/libs_projeto_final/src/components/Tag/index.tsx": {"path":"/home/staviasz/Desktop/projetos jose/libs_projeto_final/src/components/Tag/index.tsx","statementMap":{"0":{"start":{"line":11,"column":22},"end":{"line":11,"column":34}},"1":{"start":{"line":12,"column":20},"end":{"line":15,"column":3}},"2":{"start":{"line":17,"column":2},"end":{"line":24,"column":3}},"3":{"start":{"line":20,"column":21},"end":{"line":20,"column":51}}},"fnMap":{"0":{"name":"Tag","decl":{"start":{"line":10,"column":24},"end":{"line":10,"column":27}},"loc":{"start":{"line":10,"column":62},"end":{"line":25,"column":1}},"line":10},"1":{"name":"(anonymous_1)","decl":{"start":{"line":20,"column":15},"end":{"line":20,"column":16}},"loc":{"start":{"line":20,"column":21},"end":{"line":20,"column":51}},"line":20}},"branchMap":{},"s":{"0":103,"1":103,"2":103,"3":1},"f":{"0":103,"1":1},"b":{},"_coverageSchema":"1a1c01bbd47fc00a2c39e90264f33305004495a9","hash":"e6e6fb4ab9869fd13bbc1cca85c8df3fdc8c17f8"}
,"/home/staviasz/Desktop/projetos jose/libs_projeto_final/src/components/TextAreaLabel/index.tsx": {"path":"/home/staviasz/Desktop/projetos jose/libs_projeto_final/src/components/TextAreaLabel/index.tsx","statementMap":{"0":{"start":{"line":68,"column":2},"end":{"line":109,"column":3}}},"fnMap":{"0":{"name":"TextAreaLabel","decl":{"start":{"line":36,"column":24},"end":{"line":36,"column":37}},"loc":{"start":{"line":67,"column":19},"end":{"line":110,"column":1}},"line":67}},"branchMap":{"0":{"loc":{"start":{"line":59,"column":2},"end":{"line":59,"column":17}},"type":"default-arg","locations":[{"start":{"line":59,"column":11},"end":{"line":59,"column":17}}],"line":59},"1":{"loc":{"start":{"line":61,"column":2},"end":{"line":61,"column":18}},"type":"default-arg","locations":[{"start":{"line":61,"column":13},"end":{"line":61,"column":18}}],"line":61},"2":{"loc":{"start":{"line":93,"column":9},"end":{"line":93,"column":35}},"type":"binary-expr","locations":[{"start":{"line":93,"column":9},"end":{"line":93,"column":17}},{"start":{"line":93,"column":21},"end":{"line":93,"column":35}}],"line":93}},"s":{"0":30},"f":{"0":30},"b":{"0":[30],"1":[0],"2":[30,1]},"_coverageSchema":"1a1c01bbd47fc00a2c39e90264f33305004495a9","hash":"550ebc8e721de281c3351640fbef15c688e1401e"}
,"/home/staviasz/Desktop/projetos jose/libs_projeto_final/src/context/localStorage/localStorage.tsx": {"path":"/home/staviasz/Desktop/projetos jose/libs_projeto_final/src/context/localStorage/localStorage.tsx","statementMap":{"0":{"start":{"line":18,"column":28},"end":{"line":20,"column":1}},"1":{"start":{"line":23,"column":38},"end":{"line":23,"column":75}},"2":{"start":{"line":25,"column":2},"end":{"line":28,"column":8}},"3":{"start":{"line":26,"column":23},"end":{"line":26,"column":47}},"4":{"start":{"line":27,"column":4},"end":{"line":27,"column":29}},"5":{"start":{"line":30,"column":18},"end":{"line":39,"column":3}},"6":{"start":{"line":31,"column":23},"end":{"line":31,"column":47}},"7":{"start":{"line":32,"column":17},"end":{"line":35,"column":5}},"8":{"start":{"line":34,"column":8},"end":{"line":34,"column":62}},"9":{"start":{"line":37,"column":4},"end":{"line":37,"column":33}},"10":{"start":{"line":37,"column":14},"end":{"line":37,"column":33}},"11":{"start":{"line":38,"column":4},"end":{"line":38,"column":10}},"12":{"start":{"line":41,"column":21},"end":{"line":49,"column":3}},"13":{"start":{"line":42,"column":23},"end":{"line":42,"column":47}},"14":{"start":{"line":43,"column":17},"end":{"line":45,"column":5}},"15":{"start":{"line":44,"column":6},"end":{"line":44,"column":59}},"16":{"start":{"line":47,"column":4},"end":{"line":47,"column":33}},"17":{"start":{"line":47,"column":14},"end":{"line":47,"column":33}},"18":{"start":{"line":48,"column":4},"end":{"line":48,"column":10}},"19":{"start":{"line":51,"column":26},"end":{"line":64,"column":3}},"20":{"start":{"line":52,"column":20},"end":{"line":52,"column":44}},"21":{"start":{"line":53,"column":39},"end":{"line":53,"column":41}},"22":{"start":{"line":54,"column":4},"end":{"line":56,"column":5}},"23":{"start":{"line":55,"column":6},"end":{"line":55,"column":37}},"24":{"start":{"line":58,"column":4},"end":{"line":60,"column":5}},"25":{"start":{"line":59,"column":6},"end":{"line":59,"column":23}},"26":{"start":{"line":62,"column":4},"end":{"line":62,"column":29}},"27":{"start":{"line":63,"column":4},"end":{"line":63,"column":66}},"28":{"start":{"line":66,"column":21},"end":{"line":72,"column":3}},"29":{"start":{"line":67,"column":23},"end":{"line":67,"column":48}},"30":{"start":{"line":68,"column":4},"end":{"line":70,"column":5}},"31":{"start":{"line":69,"column":6},"end":{"line":69,"column":35}},"32":{"start":{"line":71,"column":4},"end":{"line":71,"column":13}},"33":{"start":{"line":74,"column":24},"end":{"line":80,"column":3}},"34":{"start":{"line":78,"column":4},"end":{"line":78,"column":51}},"35":{"start":{"line":79,"column":4},"end":{"line":79,"column":10}},"36":{"start":{"line":81,"column":2},"end":{"line":94,"column":3}},"37":{"start":{"line":98,"column":2},"end":{"line":98,"column":40}}},"fnMap":{"0":{"name":"LocalStorageProvider","decl":{"start":{"line":22,"column":16},"end":{"line":22,"column":36}},"loc":{"start":{"line":22,"column":74},"end":{"line":95,"column":1}},"line":22},"1":{"name":"(anonymous_1)","decl":{"start":{"line":25,"column":12},"end":{"line":25,"column":13}},"loc":{"start":{"line":25,"column":18},"end":{"line":28,"column":3}},"line":25},"2":{"name":"(anonymous_2)","decl":{"start":{"line":30,"column":18},"end":{"line":30,"column":19}},"loc":{"start":{"line":30,"column":67},"end":{"line":39,"column":3}},"line":30},"3":{"name":"(anonymous_3)","decl":{"start":{"line":33,"column":6},"end":{"line":33,"column":7}},"loc":{"start":{"line":34,"column":8},"end":{"line":34,"column":62}},"line":34},"4":{"name":"(anonymous_4)","decl":{"start":{"line":41,"column":21},"end":{"line":41,"column":22}},"loc":{"start":{"line":41,"column":40},"end":{"line":49,"column":3}},"line":41},"5":{"name":"(anonymous_5)","decl":{"start":{"line":43,"column":36},"end":{"line":43,"column":37}},"loc":{"start":{"line":44,"column":6},"end":{"line":44,"column":59}},"line":44},"6":{"name":"(anonymous_6)","decl":{"start":{"line":51,"column":26},"end":{"line":51,"column":27}},"loc":{"start":{"line":51,"column":66},"end":{"line":64,"column":3}},"line":51},"7":{"name":"(anonymous_7)","decl":{"start":{"line":66,"column":21},"end":{"line":66,"column":22}},"loc":{"start":{"line":66,"column":38},"end":{"line":72,"column":3}},"line":66},"8":{"name":"(anonymous_8)","decl":{"start":{"line":74,"column":24},"end":{"line":74,"column":25}},"loc":{"start":{"line":77,"column":7},"end":{"line":80,"column":3}},"line":77},"9":{"name":"useStorage","decl":{"start":{"line":97,"column":16},"end":{"line":97,"column":26}},"loc":{"start":{"line":97,"column":29},"end":{"line":99,"column":1}},"line":97}},"branchMap":{"0":{"loc":{"start":{"line":37,"column":4},"end":{"line":37,"column":33}},"type":"if","locations":[{"start":{"line":37,"column":4},"end":{"line":37,"column":33}},{"start":{},"end":{}}],"line":37},"1":{"loc":{"start":{"line":47,"column":4},"end":{"line":47,"column":33}},"type":"if","locations":[{"start":{"line":47,"column":4},"end":{"line":47,"column":33}},{"start":{},"end":{}}],"line":47},"2":{"loc":{"start":{"line":54,"column":4},"end":{"line":56,"column":5}},"type":"if","locations":[{"start":{"line":54,"column":4},"end":{"line":56,"column":5}},{"start":{},"end":{}}],"line":54},"3":{"loc":{"start":{"line":58,"column":4},"end":{"line":60,"column":5}},"type":"if","locations":[{"start":{"line":58,"column":4},"end":{"line":60,"column":5}},{"start":{},"end":{}}],"line":58},"4":{"loc":{"start":{"line":68,"column":4},"end":{"line":70,"column":5}},"type":"if","locations":[{"start":{"line":68,"column":4},"end":{"line":70,"column":5}},{"start":{},"end":{}}],"line":68}},"s":{"0":9,"1":31,"2":31,"3":12,"4":12,"5":31,"6":4,"7":4,"8":8,"9":4,"10":4,"11":4,"12":31,"13":5,"14":5,"15":2,"16":5,"17":5,"18":5,"19":31,"20":1,"21":1,"22":1,"23":1,"24":1,"25":1,"26":1,"27":1,"28":31,"29":25,"30":25,"31":14,"32":11,"33":31,"34":1,"35":1,"36":31,"37":54},"f":{"0":31,"1":12,"2":4,"3":8,"4":5,"5":2,"6":1,"7":25,"8":1,"9":54},"b":{"0":[4,0],"1":[5,0],"2":[1,0],"3":[1,0],"4":[14,11]},"_coverageSchema":"1a1c01bbd47fc00a2c39e90264f33305004495a9","hash":"caef61edf07fa2137247188df7eb45b7c9e041bf"}
,"/home/staviasz/Desktop/projetos jose/libs_projeto_final/src/context/modals/index.tsx": {"path":"/home/staviasz/Desktop/projetos jose/libs_projeto_final/src/context/modals/index.tsx","statementMap":{"0":{"start":{"line":19,"column":21},"end":{"line":19,"column":70}},"1":{"start":{"line":22,"column":36},"end":{"line":22,"column":60}},"2":{"start":{"line":23,"column":30},"end":{"line":23,"column":54}},"3":{"start":{"line":24,"column":30},"end":{"line":24,"column":59}},"4":{"start":{"line":25,"column":34},"end":{"line":34,"column":4}},"5":{"start":{"line":36,"column":2},"end":{"line":51,"column":3}},"6":{"start":{"line":55,"column":2},"end":{"line":55,"column":33}}},"fnMap":{"0":{"name":"ModalProvider","decl":{"start":{"line":21,"column":16},"end":{"line":21,"column":29}},"loc":{"start":{"line":21,"column":60},"end":{"line":52,"column":1}},"line":21},"1":{"name":"useModal","decl":{"start":{"line":54,"column":16},"end":{"line":54,"column":24}},"loc":{"start":{"line":54,"column":27},"end":{"line":56,"column":1}},"line":54}},"branchMap":{},"s":{"0":9,"1":7,"2":7,"3":7,"4":7,"5":7,"6":31},"f":{"0":7,"1":31},"b":{},"_coverageSchema":"1a1c01bbd47fc00a2c39e90264f33305004495a9","hash":"2e9c3f6075a2a99695cd353a1c1a83a31d7545f5"}
,"/home/staviasz/Desktop/projetos jose/libs_projeto_final/src/utils/styles-test.tsx": {"path":"/home/staviasz/Desktop/projetos jose/libs_projeto_final/src/utils/styles-test.tsx","statementMap":{"0":{"start":{"line":5,"column":27},"end":{"line":7,"column":1}},"1":{"start":{"line":6,"column":2},"end":{"line":6,"column":74}}},"fnMap":{"0":{"name":"(anonymous_0)","decl":{"start":{"line":5,"column":27},"end":{"line":5,"column":28}},"loc":{"start":{"line":5,"column":58},"end":{"line":7,"column":1}},"line":5}},"branchMap":{},"s":{"0":18,"1":80},"f":{"0":80},"b":{},"_coverageSchema":"1a1c01bbd47fc00a2c39e90264f33305004495a9","hash":"01382cb1d78971ba37cdba03f50dff14247a25a6"}
}
