TN:
SF:src\App.tsx
FN:12,App
FN:15,(anonymous_1)
FN:20,(anonymous_2)
FN:22,(anonymous_3)
FNF:4
FNH:4
FNDA:3,App
FNDA:2,(anonymous_1)
FNDA:1,(anonymous_2)
FNDA:1,(anonymous_3)
DA:13,3
DA:15,3
DA:16,2
DA:17,2
DA:20,3
DA:21,1
DA:22,1
DA:25,3
LF:8
LH:8
BRDA:17,0,0,0
BRDA:17,0,1,2
BRDA:28,1,0,2
BRDA:28,1,1,1
BRF:4
BRH:3
end_of_record
TN:
SF:src\vite-env.d.ts
FNF:0
FNH:0
LF:0
LH:0
BRF:0
BRH:0
end_of_record
TN:
SF:src\components\Anotations\index.tsx
FN:10,Anotations
FN:20,(anonymous_1)
FN:36,(anonymous_2)
FN:42,(anonymous_3)
FN:49,(anonymous_4)
FN:59,(anonymous_5)
FNF:6
FNH:6
FNDA:32,Anotations
FNDA:18,(anonymous_1)
FNDA:1,(anonymous_2)
FNDA:1,(anonymous_3)
FNDA:2,(anonymous_4)
FNDA:40,(anonymous_5)
DA:11,32
DA:12,32
DA:13,32
DA:14,32
DA:15,32
DA:16,32
DA:18,32
DA:20,32
DA:21,18
DA:22,15
DA:23,15
DA:24,10
DA:26,5
DA:28,15
DA:29,14
DA:31,1
DA:36,32
DA:37,1
DA:38,1
DA:39,1
DA:42,32
DA:43,1
DA:44,1
DA:45,1
DA:49,32
DA:50,2
DA:51,2
DA:54,32
DA:60,40
LF:29
LH:29
BRDA:21,0,0,15
BRDA:21,0,1,3
BRDA:23,1,0,10
BRDA:23,1,1,5
BRDA:28,2,0,14
BRDA:28,2,1,1
BRDA:37,3,0,1
BRDA:37,3,1,0
BRDA:37,4,0,1
BRDA:37,4,1,1
BRDA:43,5,0,1
BRDA:43,5,1,0
BRDA:43,6,0,1
BRDA:43,6,1,1
BRDA:56,7,0,9
BRDA:56,7,1,23
BRDA:56,8,0,32
BRDA:56,8,1,18
BRF:18
BRH:16
end_of_record
TN:
SF:src\components\Anotations\styles.ts
FN:55,(anonymous_0)
FNF:1
FNH:1
FNDA:23,(anonymous_0)
DA:3,3
DA:8,3
DA:22,3
DA:48,3
DA:53,3
DA:55,23
DA:57,3
LF:7
LH:7
BRF:0
BRH:0
end_of_record
TN:
SF:src\components\CardAnotation\index.tsx
FN:13,CardAnotation
FN:28,(anonymous_1)
FN:43,(anonymous_2)
FN:46,(anonymous_3)
FN:54,(anonymous_4)
FN:55,(anonymous_5)
FN:60,(anonymous_6)
FN:63,(anonymous_7)
FN:104,(anonymous_8)
FNF:9
FNH:9
FNDA:40,CardAnotation
FNDA:1,(anonymous_1)
FNDA:1,(anonymous_2)
FNDA:1,(anonymous_3)
FNDA:1,(anonymous_4)
FNDA:7,(anonymous_5)
FNDA:160,(anonymous_6)
FNDA:40,(anonymous_7)
FNDA:1,(anonymous_8)
DA:23,40
DA:24,40
DA:25,40
DA:26,40
DA:28,40
DA:29,1
DA:39,1
DA:40,1
DA:43,40
DA:44,1
DA:45,1
DA:46,1
DA:48,1
DA:50,1
DA:51,1
DA:54,40
DA:55,7
DA:56,1
DA:59,40
DA:60,160
DA:62,40
DA:63,40
DA:66,40
DA:104,1
LF:24
LH:24
BRDA:45,0,0,1
BRDA:45,0,1,0
BRDA:68,1,0,40
BRDA:68,1,1,40
BRDA:75,2,0,40
BRDA:75,2,1,40
BRF:6
BRH:5
end_of_record
TN:
SF:src\components\CardAnotation\styles.ts
FN:9,(anonymous_0)
FN:10,(anonymous_1)
FN:17,(anonymous_2)
FN:41,(anonymous_3)
FN:60,(anonymous_4)
FN:64,(anonymous_5)
FNF:6
FNH:6
FNDA:40,(anonymous_0)
FNDA:40,(anonymous_1)
FNDA:40,(anonymous_2)
FNDA:40,(anonymous_3)
FNDA:40,(anonymous_4)
FNDA:40,(anonymous_5)
DA:4,5
DA:9,40
DA:10,40
DA:17,40
DA:26,5
DA:40,5
DA:41,40
DA:47,5
DA:51,5
DA:59,5
DA:60,40
DA:63,5
DA:64,40
DA:67,5
LF:14
LH:14
BRF:0
BRH:0
end_of_record
TN:
SF:src\components\CardDetail\index.tsx
FN:8,CardDetail
FN:12,(anonymous_1)
FN:19,(anonymous_2)
FN:22,(anonymous_3)
FNF:4
FNH:3
FNDA:3,CardDetail
FNDA:0,(anonymous_1)
FNDA:12,(anonymous_2)
FNDA:12,(anonymous_3)
DA:9,3
DA:10,3
DA:12,3
DA:13,0
DA:16,3
DA:18,3
DA:19,12
DA:21,3
DA:22,12
DA:24,3
LF:10
LH:9
BRDA:29,0,0,3
BRDA:29,0,1,0
BRDA:36,1,0,3
BRDA:36,1,1,0
BRF:4
BRH:2
end_of_record
TN:
SF:src\components\CardDetail\styles.ts
FN:10,(anonymous_0)
FN:29,(anonymous_1)
FN:47,(anonymous_2)
FNF:3
FNH:3
FNDA:3,(anonymous_0)
FNDA:3,(anonymous_1)
FNDA:3,(anonymous_2)
DA:4,2
DA:10,3
DA:20,2
DA:28,2
DA:29,3
DA:32,2
DA:40,2
DA:47,3
LF:8
LH:8
BRF:0
BRH:0
end_of_record
TN:
SF:src\components\ChangeTheme\index.tsx
FN:9,ChangeTheme
FNF:1
FNH:1
FNDA:17,ChangeTheme
DA:10,17
LF:1
LH:1
BRDA:16,0,0,4
BRDA:16,0,1,13
BRF:2
BRH:2
end_of_record
TN:
SF:src\components\ChangeTheme\styles.ts
FN:9,(anonymous_0)
FN:23,(anonymous_1)
FNF:2
FNH:2
FNDA:17,(anonymous_0)
FNDA:17,(anonymous_1)
DA:3,5
DA:9,17
DA:23,17
LF:3
LH:3
BRF:0
BRH:0
end_of_record
TN:
SF:src\components\Checkbox\index.tsx
FN:11,CheckBox
FN:15,(anonymous_1)
FN:20,(anonymous_2)
FNF:3
FNH:3
FNDA:50,CheckBox
FNDA:2,(anonymous_1)
FNDA:1,(anonymous_2)
DA:12,50
DA:13,50
DA:15,50
DA:16,2
DA:17,2
DA:19,2
DA:20,2
DA:21,1
DA:24,2
DA:27,50
LF:10
LH:10
BRDA:21,0,0,1
BRDA:21,0,1,0
BRF:2
BRH:1
end_of_record
TN:
SF:src\components\Checkbox\styles.ts
FN:5,(anonymous_0)
FNF:1
FNH:1
FNDA:50,(anonymous_0)
DA:3,7
DA:5,50
LF:2
LH:2
BRF:0
BRH:0
end_of_record
TN:
SF:src\components\ContainerMain\index.tsx
FN:10,ContainerMain
FNF:1
FNH:1
FNDA:6,ContainerMain
DA:11,6
LF:1
LH:1
BRF:0
BRH:0
end_of_record
TN:
SF:src\components\ContainerMain\styles.ts
FNF:0
FNH:0
DA:3,2
LF:1
LH:1
BRF:0
BRH:0
end_of_record
TN:
SF:src\components\FormAddAnnotation\index.tsx
FN:22,FormAddAnotation
FN:38,(anonymous_1)
FN:39,(anonymous_2)
FN:41,(anonymous_3)
FN:47,(anonymous_4)
FN:55,(anonymous_5)
FN:66,(anonymous_6)
FN:72,(anonymous_7)
FN:80,(anonymous_8)
FN:98,(anonymous_9)
FN:106,(anonymous_10)
FN:109,(anonymous_11)
FN:118,(anonymous_12)
FN:129,(anonymous_13)
FN:141,(anonymous_14)
FN:156,(anonymous_15)
FN:169,(anonymous_16)
FN:182,(anonymous_17)
FNF:18
FNH:15
FNDA:29,FormAddAnotation
FNDA:116,(anonymous_1)
FNDA:116,(anonymous_2)
FNDA:15,(anonymous_3)
FNDA:15,(anonymous_4)
FNDA:2,(anonymous_5)
FNDA:0,(anonymous_6)
FNDA:0,(anonymous_7)
FNDA:0,(anonymous_8)
FNDA:1,(anonymous_9)
FNDA:1,(anonymous_10)
FNDA:2,(anonymous_11)
FNDA:3,(anonymous_12)
FNDA:3,(anonymous_13)
FNDA:3,(anonymous_14)
FNDA:2,(anonymous_15)
FNDA:2,(anonymous_16)
FNDA:2,(anonymous_17)
DA:23,29
DA:24,29
DA:25,29
DA:35,29
DA:36,29
DA:38,116
DA:39,116
DA:41,29
DA:46,15
DA:47,15
DA:48,15
DA:55,29
DA:56,2
DA:57,2
DA:58,2
DA:59,2
DA:60,2
DA:62,2
DA:63,2
DA:64,2
DA:65,2
DA:66,2
DA:68,2
DA:69,2
DA:70,2
DA:71,2
DA:72,2
DA:73,2
DA:75,2
DA:76,2
DA:78,0
DA:79,0
DA:80,0
DA:81,0
DA:86,2
DA:88,2
DA:89,1
DA:90,1
DA:91,1
DA:93,1
DA:94,1
DA:98,29
DA:99,1
DA:100,1
DA:101,1
DA:104,29
DA:106,1
DA:109,2
DA:118,3
DA:130,3
DA:142,3
DA:157,2
DA:170,2
DA:183,2
LF:54
LH:50
BRDA:65,0,0,2
BRDA:65,0,1,0
BRDA:68,1,0,2
BRDA:68,1,1,0
BRDA:81,2,0,0
BRDA:81,2,1,0
BRDA:88,3,0,1
BRDA:88,3,1,1
BRDA:193,4,0,29
BRDA:193,4,1,1
BRF:10
BRH:6
end_of_record
TN:
SF:src\components\FormAddAnnotation\styles.ts
FN:10,(anonymous_0)
FN:19,(anonymous_1)
FN:38,(anonymous_2)
FN:42,(anonymous_3)
FNF:4
FNH:4
FNDA:29,(anonymous_0)
FNDA:29,(anonymous_1)
FNDA:29,(anonymous_2)
FNDA:29,(anonymous_3)
DA:4,2
DA:10,29
DA:12,2
DA:19,29
DA:21,2
DA:26,2
DA:32,2
DA:37,2
DA:38,29
DA:41,2
DA:42,29
DA:45,2
LF:12
LH:12
BRF:0
BRH:0
end_of_record
TN:
SF:src\components\Header\index.tsx
FN:13,Header
FNF:1
FNH:1
FNDA:6,Header
DA:14,6
LF:1
LH:1
BRF:0
BRH:0
end_of_record
TN:
SF:src\components\Header\styles.ts
FN:10,(anonymous_0)
FNF:1
FNH:1
FNDA:6,(anonymous_0)
DA:6,2
DA:10,6
DA:18,2
DA:26,2
LF:4
LH:4
BRF:0
BRH:0
end_of_record
TN:
SF:src\components\InputLabel\index.tsx
FN:48,InputLabel
FNF:1
FNH:1
FNDA:92,InputLabel
DA:80,92
LF:1
LH:1
BRDA:72,0,0,5
BRDA:73,1,0,0
BRDA:106,2,0,92
BRDA:106,2,1,91
BRF:4
BRH:3
end_of_record
TN:
SF:src\components\List\index.tsx
FN:13,List
FN:28,(anonymous_1)
FN:28,(anonymous_2)
FN:35,(anonymous_3)
FN:39,(anonymous_4)
FNF:5
FNH:5
FNDA:24,List
FNDA:1,(anonymous_1)
FNDA:1,(anonymous_2)
FNDA:86,(anonymous_3)
FNDA:1,(anonymous_4)
DA:14,24
DA:15,24
DA:17,24
DA:22,24
DA:28,1
DA:36,86
DA:39,1
LF:7
LH:7
BRDA:30,0,0,23
BRDA:30,0,1,1
BRDA:34,1,0,24
BRDA:34,1,1,23
BRF:4
BRH:4
end_of_record
TN:
SF:src\components\List\styles.ts
FN:14,(anonymous_0)
FN:15,(anonymous_1)
FN:28,(anonymous_2)
FN:39,(anonymous_3)
FNF:4
FNH:3
FNDA:110,(anonymous_0)
FNDA:110,(anonymous_1)
FNDA:24,(anonymous_2)
FNDA:0,(anonymous_3)
DA:7,4
DA:8,4
DA:10,4
DA:14,110
DA:15,110
DA:19,4
DA:28,24
DA:36,4
DA:39,0
LF:9
LH:8
BRDA:15,0,0,26
BRDA:15,0,1,84
BRF:2
BRH:2
end_of_record
TN:
SF:src\components\Modal\index.tsx
FN:6,Modal
FNF:1
FNH:1
FNDA:7,Modal
DA:7,7
DA:9,7
LF:2
LH:2
BRDA:11,0,0,1
BRDA:11,0,1,6
BRF:2
BRH:2
end_of_record
TN:
SF:src\components\Modal\styles.ts
FN:14,(anonymous_0)
FNF:1
FNH:1
FNDA:7,(anonymous_0)
DA:7,2
DA:14,7
LF:2
LH:2
BRDA:14,0,0,2
BRDA:14,0,1,5
BRF:2
BRH:2
end_of_record
TN:
SF:src\components\NewAnotation\index.tsx
FN:5,NewAnotation
FN:8,(anonymous_1)
FNF:2
FNH:2
FNDA:17,NewAnotation
FNDA:1,(anonymous_1)
DA:6,17
DA:8,17
DA:9,1
DA:10,1
DA:12,17
LF:5
LH:5
BRF:0
BRH:0
end_of_record
TN:
SF:src\components\NewAnotation\styles.ts
FNF:0
FNH:0
DA:3,5
DA:12,5
DA:17,5
LF:3
LH:3
BRF:0
BRH:0
end_of_record
TN:
SF:src\components\Search\index.tsx
FN:6,Search
FN:10,(anonymous_1)
FN:14,(anonymous_2)
FN:23,(anonymous_3)
FNF:4
FNH:4
FNDA:24,Search
FNDA:18,(anonymous_1)
FNDA:2,(anonymous_2)
FNDA:2,(anonymous_3)
DA:7,24
DA:8,24
DA:10,24
DA:11,18
DA:14,24
DA:15,2
DA:16,2
DA:19,24
DA:23,2
LF:9
LH:9
BRF:0
BRH:0
end_of_record
TN:
SF:src\components\Search\styles.ts
FN:13,(anonymous_0)
FNF:1
FNH:1
FNDA:24,(anonymous_0)
DA:3,5
DA:13,24
LF:2
LH:2
BRF:0
BRH:0
end_of_record
TN:
SF:src\components\SelectLabel\index.tsx
FN:36,SelectLabel
FN:72,(anonymous_1)
FN:73,(anonymous_2)
FN:75,(anonymous_3)
FN:130,(anonymous_4)
FN:135,(anonymous_5)
FN:148,(anonymous_6)
FNF:7
FNH:5
FNDA:61,SelectLabel
FNDA:0,(anonymous_1)
FNDA:0,(anonymous_2)
FNDA:4,(anonymous_3)
FNDA:241,(anonymous_4)
FNDA:4,(anonymous_5)
FNDA:241,(anonymous_6)
DA:67,61
DA:68,61
DA:72,61
DA:73,0
DA:75,61
DA:76,4
DA:77,4
DA:78,4
DA:79,4
DA:88,61
DA:131,241
DA:135,4
DA:149,241
LF:13
LH:12
BRDA:61,0,0,1
BRDA:69,1,0,61
BRDA:69,1,1,61
BRDA:78,2,0,4
BRDA:78,2,1,0
BRDA:117,3,0,61
BRDA:117,3,1,0
BRDA:129,4,0,61
BRDA:129,4,1,61
BRF:9
BRH:7
end_of_record
TN:
SF:src\components\SelectLabel\styles.ts
FN:32,(anonymous_0)
FN:43,(anonymous_1)
FN:52,(anonymous_2)
FN:64,(anonymous_3)
FN:90,(anonymous_4)
FN:91,(anonymous_5)
FN:92,(anonymous_6)
FN:93,(anonymous_7)
FN:94,(anonymous_8)
FN:95,(anonymous_9)
FN:96,(anonymous_10)
FN:97,(anonymous_11)
FN:98,(anonymous_12)
FN:99,(anonymous_13)
FN:100,(anonymous_14)
FN:101,(anonymous_15)
FN:102,(anonymous_16)
FN:103,(anonymous_17)
FN:104,(anonymous_18)
FN:105,(anonymous_19)
FN:106,(anonymous_20)
FN:107,(anonymous_21)
FN:108,(anonymous_22)
FN:110,(anonymous_23)
FN:114,(anonymous_24)
FN:115,(anonymous_25)
FN:117,(anonymous_26)
FN:121,(anonymous_27)
FN:122,(anonymous_28)
FN:124,(anonymous_29)
FN:129,(anonymous_30)
FN:135,(anonymous_31)
FN:156,(anonymous_32)
FN:163,(anonymous_33)
FN:168,(anonymous_34)
FN:172,(anonymous_35)
FN:176,(anonymous_36)
FN:183,(anonymous_37)
FN:188,(anonymous_38)
FNF:39
FNH:35
FNDA:0,(anonymous_0)
FNDA:0,(anonymous_1)
FNDA:0,(anonymous_2)
FNDA:0,(anonymous_3)
FNDA:61,(anonymous_4)
FNDA:61,(anonymous_5)
FNDA:61,(anonymous_6)
FNDA:61,(anonymous_7)
FNDA:61,(anonymous_8)
FNDA:61,(anonymous_9)
FNDA:61,(anonymous_10)
FNDA:61,(anonymous_11)
FNDA:61,(anonymous_12)
FNDA:61,(anonymous_13)
FNDA:61,(anonymous_14)
FNDA:61,(anonymous_15)
FNDA:61,(anonymous_16)
FNDA:61,(anonymous_17)
FNDA:61,(anonymous_18)
FNDA:61,(anonymous_19)
FNDA:61,(anonymous_20)
FNDA:61,(anonymous_21)
FNDA:61,(anonymous_22)
FNDA:61,(anonymous_23)
FNDA:61,(anonymous_24)
FNDA:61,(anonymous_25)
FNDA:61,(anonymous_26)
FNDA:61,(anonymous_27)
FNDA:61,(anonymous_28)
FNDA:61,(anonymous_29)
FNDA:61,(anonymous_30)
FNDA:61,(anonymous_31)
FNDA:61,(anonymous_32)
FNDA:61,(anonymous_33)
FNDA:61,(anonymous_34)
FNDA:61,(anonymous_35)
FNDA:61,(anonymous_36)
FNDA:61,(anonymous_37)
FNDA:61,(anonymous_38)
DA:32,3
DA:33,0
DA:39,0
DA:40,0
DA:43,3
DA:44,0
DA:48,0
DA:49,0
DA:52,3
DA:53,0
DA:60,0
DA:61,0
DA:64,3
DA:65,0
DA:72,0
DA:73,0
DA:76,3
DA:89,3
DA:90,61
DA:91,61
DA:92,61
DA:93,61
DA:94,61
DA:95,61
DA:96,61
DA:97,61
DA:98,61
DA:99,61
DA:100,61
DA:101,61
DA:102,61
DA:103,61
DA:104,61
DA:105,61
DA:106,61
DA:107,61
DA:108,61
DA:110,61
DA:114,61
DA:115,61
DA:117,61
DA:121,61
DA:122,61
DA:124,61
DA:129,61
DA:135,61
DA:156,61
DA:163,61
DA:168,61
DA:172,61
DA:176,61
DA:183,61
DA:188,61
LF:53
LH:41
BRDA:39,0,0,0
BRDA:39,0,1,0
BRDA:60,1,0,0
BRDA:60,1,1,0
BRDA:72,2,0,0
BRDA:72,2,1,0
BRDA:90,3,0,61
BRDA:90,3,1,61
BRDA:91,4,0,0
BRDA:91,4,1,61
BRDA:92,5,0,61
BRDA:92,5,1,61
BRDA:93,6,0,61
BRDA:93,6,1,61
BRDA:94,7,0,61
BRDA:94,7,1,3
BRDA:95,8,0,61
BRDA:95,8,1,61
BRDA:96,9,0,61
BRDA:96,9,1,61
BRDA:97,10,0,0
BRDA:97,10,1,61
BRDA:98,11,0,0
BRDA:98,11,1,61
BRDA:99,12,0,0
BRDA:99,12,1,61
BRDA:100,13,0,0
BRDA:100,13,1,61
BRDA:101,14,0,0
BRDA:101,14,1,61
BRDA:102,15,0,0
BRDA:102,15,1,61
BRDA:103,16,0,0
BRDA:103,16,1,61
BRDA:104,17,0,0
BRDA:104,17,1,61
BRDA:105,18,0,0
BRDA:105,18,1,61
BRDA:106,19,0,58
BRDA:106,19,1,3
BRDA:107,20,0,58
BRDA:107,20,1,3
BRDA:108,21,0,0
BRDA:108,21,1,61
BRDA:110,22,0,61
BRDA:110,22,1,61
BRDA:114,23,0,58
BRDA:114,23,1,3
BRDA:115,24,0,0
BRDA:115,24,1,61
BRDA:117,25,0,61
BRDA:117,25,1,61
BRDA:121,26,0,58
BRDA:121,26,1,3
BRDA:122,27,0,0
BRDA:122,27,1,61
BRDA:124,28,0,61
BRDA:124,28,1,61
BRDA:129,29,0,61
BRDA:129,29,1,61
BRDA:135,30,0,61
BRDA:135,30,1,61
BRDA:156,31,0,0
BRDA:156,31,1,61
BRDA:163,32,0,58
BRDA:163,32,1,3
BRDA:168,33,0,0
BRDA:168,33,1,61
BRDA:172,34,0,61
BRDA:172,34,1,61
BRDA:176,35,0,61
BRDA:176,35,1,61
BRDA:183,36,0,0
BRDA:183,36,1,61
BRDA:188,37,0,61
BRDA:188,37,1,61
BRF:76
BRH:54
end_of_record
TN:
SF:src\components\Sidebar\index.tsx
FN:13,Sidebar
FN:16,(anonymous_1)
FNF:2
FNH:2
FNDA:8,Sidebar
FNDA:16,(anonymous_1)
DA:14,8
DA:17,16
LF:2
LH:2
BRF:0
BRH:0
end_of_record
TN:
SF:src\components\Sidebar\styles.ts
FN:7,(anonymous_0)
FN:40,(anonymous_1)
FNF:2
FNH:2
FNDA:8,(anonymous_0)
FNDA:8,(anonymous_1)
DA:6,3
DA:7,8
DA:13,3
DA:40,8
LF:4
LH:4
BRF:0
BRH:0
end_of_record
TN:
SF:src\components\Tag\index.tsx
FN:10,Tag
FN:20,(anonymous_1)
FNF:2
FNH:2
FNDA:83,Tag
FNDA:1,(anonymous_1)
DA:11,83
DA:12,83
DA:17,83
DA:20,1
LF:4
LH:4
BRF:0
BRH:0
end_of_record
TN:
SF:src\components\Tag\styles.ts
FN:10,(anonymous_0)
FN:11,(anonymous_1)
FNF:2
FNH:2
FNDA:83,(anonymous_0)
FNDA:83,(anonymous_1)
DA:7,6
DA:10,83
DA:11,83
LF:3
LH:3
BRF:0
BRH:0
end_of_record
TN:
SF:src\components\TextAreaLabel\index.tsx
FN:36,TextAreaLabel
FNF:1
FNH:1
FNDA:33,TextAreaLabel
DA:68,33
LF:1
LH:1
BRDA:59,0,0,33
BRDA:61,1,0,1
BRDA:93,2,0,33
BRDA:93,2,1,1
BRF:4
BRH:4
end_of_record
TN:
SF:src\components\TextAreaLabel\styles.ts
FN:32,(anonymous_0)
FN:43,(anonymous_1)
FN:52,(anonymous_2)
FN:64,(anonymous_3)
FN:77,(anonymous_4)
FN:79,(anonymous_5)
FN:81,(anonymous_6)
FN:106,(anonymous_7)
FN:107,(anonymous_8)
FN:108,(anonymous_9)
FN:109,(anonymous_10)
FN:110,(anonymous_11)
FN:111,(anonymous_12)
FN:112,(anonymous_13)
FN:113,(anonymous_14)
FN:114,(anonymous_15)
FN:115,(anonymous_16)
FN:116,(anonymous_17)
FN:117,(anonymous_18)
FN:118,(anonymous_19)
FN:119,(anonymous_20)
FN:120,(anonymous_21)
FN:121,(anonymous_22)
FN:122,(anonymous_23)
FN:123,(anonymous_24)
FN:124,(anonymous_25)
FN:125,(anonymous_26)
FN:141,(anonymous_27)
FNF:28
FNH:24
FNDA:0,(anonymous_0)
FNDA:0,(anonymous_1)
FNDA:0,(anonymous_2)
FNDA:0,(anonymous_3)
FNDA:33,(anonymous_4)
FNDA:33,(anonymous_5)
FNDA:33,(anonymous_6)
FNDA:33,(anonymous_7)
FNDA:33,(anonymous_8)
FNDA:33,(anonymous_9)
FNDA:33,(anonymous_10)
FNDA:33,(anonymous_11)
FNDA:33,(anonymous_12)
FNDA:33,(anonymous_13)
FNDA:33,(anonymous_14)
FNDA:33,(anonymous_15)
FNDA:33,(anonymous_16)
FNDA:33,(anonymous_17)
FNDA:33,(anonymous_18)
FNDA:33,(anonymous_19)
FNDA:33,(anonymous_20)
FNDA:33,(anonymous_21)
FNDA:33,(anonymous_22)
FNDA:33,(anonymous_23)
FNDA:33,(anonymous_24)
FNDA:33,(anonymous_25)
FNDA:33,(anonymous_26)
FNDA:33,(anonymous_27)
DA:32,3
DA:33,0
DA:39,0
DA:40,0
DA:43,3
DA:44,0
DA:48,0
DA:49,0
DA:52,3
DA:53,0
DA:60,0
DA:61,0
DA:64,3
DA:65,0
DA:72,0
DA:73,0
DA:76,3
DA:77,33
DA:79,33
DA:81,33
DA:92,3
DA:105,3
DA:106,33
DA:107,33
DA:108,33
DA:109,33
DA:110,33
DA:111,33
DA:112,33
DA:113,33
DA:114,33
DA:115,33
DA:116,33
DA:117,33
DA:118,33
DA:119,33
DA:120,33
DA:121,33
DA:122,33
DA:123,33
DA:124,33
DA:125,33
DA:141,33
LF:43
LH:31
BRDA:39,0,0,0
BRDA:39,0,1,0
BRDA:60,1,0,0
BRDA:60,1,1,0
BRDA:72,2,0,0
BRDA:72,2,1,0
BRDA:77,3,0,0
BRDA:77,3,1,33
BRDA:79,4,0,33
BRDA:79,4,1,33
BRDA:106,5,0,0
BRDA:106,5,1,33
BRDA:107,6,0,33
BRDA:107,6,1,33
BRDA:108,7,0,0
BRDA:108,7,1,33
BRDA:109,8,0,33
BRDA:109,8,1,33
BRDA:110,9,0,33
BRDA:110,9,1,33
BRDA:111,10,0,33
BRDA:111,10,1,33
BRDA:112,11,0,33
BRDA:112,11,1,33
BRDA:113,12,0,33
BRDA:113,12,1,33
BRDA:114,13,0,0
BRDA:114,13,1,33
BRDA:115,14,0,0
BRDA:115,14,1,33
BRDA:116,15,0,0
BRDA:116,15,1,33
BRDA:117,16,0,0
BRDA:117,16,1,33
BRDA:118,17,0,0
BRDA:118,17,1,33
BRDA:119,18,0,0
BRDA:119,18,1,33
BRDA:120,19,0,0
BRDA:120,19,1,33
BRDA:121,20,0,0
BRDA:121,20,1,33
BRDA:122,21,0,0
BRDA:122,21,1,33
BRDA:123,22,0,29
BRDA:123,22,1,4
BRDA:124,23,0,29
BRDA:124,23,1,4
BRDA:125,24,0,0
BRDA:125,24,1,33
BRDA:141,25,0,33
BRDA:141,25,1,33
BRF:52
BRH:33
end_of_record
TN:
SF:src\context\localStorage\localStorage.tsx
FN:22,LocalStorageProvider
FN:25,(anonymous_1)
FN:30,(anonymous_2)
FN:33,(anonymous_3)
FN:41,(anonymous_4)
FN:43,(anonymous_5)
FN:51,(anonymous_6)
FN:66,(anonymous_7)
FN:74,(anonymous_8)
FN:97,useStorage
FNF:10
FNH:10
FNDA:31,LocalStorageProvider
FNDA:12,(anonymous_1)
FNDA:4,(anonymous_2)
FNDA:8,(anonymous_3)
FNDA:5,(anonymous_4)
FNDA:2,(anonymous_5)
FNDA:1,(anonymous_6)
FNDA:25,(anonymous_7)
FNDA:1,(anonymous_8)
FNDA:54,useStorage
DA:18,9
DA:23,31
DA:25,31
DA:26,12
DA:27,12
DA:30,31
DA:31,4
DA:32,4
DA:34,8
DA:37,4
DA:38,4
DA:41,31
DA:42,5
DA:43,5
DA:44,2
DA:47,5
DA:48,5
DA:51,31
DA:52,1
DA:53,1
DA:54,1
DA:55,1
DA:58,1
DA:59,1
DA:62,1
DA:63,1
DA:66,31
DA:67,25
DA:68,25
DA:69,14
DA:71,11
DA:74,31
DA:78,1
DA:79,1
DA:81,31
DA:98,54
LF:36
LH:36
BRDA:37,0,0,4
BRDA:37,0,1,0
BRDA:47,1,0,5
BRDA:47,1,1,0
BRDA:54,2,0,1
BRDA:54,2,1,0
BRDA:58,3,0,1
BRDA:58,3,1,0
BRDA:68,4,0,14
BRDA:68,4,1,11
BRF:10
BRH:6
end_of_record
TN:
SF:src\context\modals\index.tsx
FN:21,ModalProvider
FN:54,useModal
FNF:2
FNH:2
FNDA:7,ModalProvider
FNDA:31,useModal
DA:19,9
DA:22,7
DA:23,7
DA:24,7
DA:25,7
DA:36,7
DA:55,31
LF:7
LH:7
BRF:0
BRH:0
end_of_record
TN:
SF:src\model\list.ts
FNF:0
FNH:0
DA:3,7
LF:1
LH:1
BRF:0
BRH:0
end_of_record
TN:
SF:src\types\anotation.ts
FNF:0
FNH:0
LF:0
LH:0
BRF:0
BRH:0
end_of_record
TN:
SF:src\types\lists.ts
FNF:0
FNH:0
LF:0
LH:0
BRF:0
BRH:0
end_of_record
TN:
SF:src\utils\styles-test.tsx
FN:5,(anonymous_0)
FNF:1
FNH:1
FNDA:83,(anonymous_0)
DA:5,18
DA:6,83
LF:2
LH:2
BRF:0
BRH:0
end_of_record
