TN:
SF:src/components/ListCurrencies/index.tsx
FN:12,ListCurrencies
FN:20,(anonymous_1)
FN:34,(anonymous_2)
FN:35,(anonymous_3)
FNF:4
FNH:4
FNDA:2,ListCurrencies
FNDA:1,(anonymous_1)
FNDA:248,(anonymous_2)
FNDA:1,(anonymous_3)
DA:18,2
DA:20,2
DA:21,1
DA:22,1
DA:24,0
DA:28,2
DA:35,248
LF:7
LH:6
BRDA:21,0,0,1
BRDA:21,0,1,0
BRDA:32,1,0,2
BRDA:32,1,1,2
BRF:4
BRH:3
end_of_record
TN:
SF:src/components/ListCurrencies/styles.ts
FN:14,(anonymous_0)
FNF:1
FNH:1
FNDA:2,(anonymous_0)
DA:7,1
DA:14,2
DA:23,1
DA:33,1
DA:45,1
LF:5
LH:5
BRDA:14,0,0,0
BRDA:14,0,1,2
BRF:2
BRH:1
end_of_record
TN:
SF:src/components/Modal/index.tsx
FN:11,Modal
FNF:1
FNH:1
FNDA:17,Modal
DA:18,17
LF:1
LH:1
BRF:0
BRH:0
end_of_record
TN:
SF:src/components/Modal/styles.ts
FN:11,(anonymous_0)
FN:12,(anonymous_1)
FN:17,(anonymous_2)
FN:18,(anonymous_3)
FNF:4
FNH:4
FNDA:17,(anonymous_0)
FNDA:17,(anonymous_1)
FNDA:17,(anonymous_2)
FNDA:17,(anonymous_3)
DA:10,1
DA:11,17
DA:12,17
DA:17,17
DA:18,17
LF:5
LH:5
BRDA:11,0,0,0
BRDA:11,0,1,17
BRDA:12,1,0,17
BRDA:12,1,1,0
BRDA:17,2,0,17
BRDA:17,2,1,0
BRDA:18,3,0,17
BRDA:18,3,1,0
BRF:8
BRH:4
end_of_record
TN:
SF:src/components/ModalAmount/index.tsx
FN:14,ModalAmount
FN:27,(anonymous_1)
FN:33,(anonymous_2)
FN:46,(anonymous_3)
FN:59,(anonymous_4)
FN:68,(anonymous_5)
FN:78,(anonymous_6)
FN:81,(anonymous_7)
FN:99,(anonymous_8)
FN:101,(anonymous_9)
FN:124,(anonymous_10)
FN:128,(anonymous_11)
FN:156,(anonymous_12)
FN:160,(anonymous_13)
FN:184,(anonymous_14)
FN:188,(anonymous_15)
FNF:16
FNH:16
FNDA:17,ModalAmount
FNDA:14,(anonymous_1)
FNDA:4,(anonymous_2)
FNDA:2,(anonymous_3)
FNDA:2,(anonymous_4)
FNDA:6,(anonymous_5)
FNDA:1,(anonymous_6)
FNDA:1,(anonymous_7)
FNDA:1,(anonymous_8)
FNDA:5,(anonymous_9)
FNDA:22,(anonymous_10)
FNDA:4,(anonymous_11)
FNDA:21,(anonymous_12)
FNDA:2,(anonymous_13)
FNDA:21,(anonymous_14)
FNDA:2,(anonymous_15)
DA:16,17
DA:17,17
DA:18,17
DA:19,17
DA:20,17
DA:21,17
DA:22,17
DA:24,17
DA:25,17
DA:27,17
DA:28,14
DA:29,14
DA:30,14
DA:33,17
DA:37,4
DA:38,4
DA:40,4
DA:41,4
DA:42,4
DA:46,17
DA:50,2
DA:51,2
DA:53,2
DA:54,2
DA:55,2
DA:59,17
DA:60,2
DA:61,2
DA:63,2
DA:64,2
DA:68,17
DA:69,6
DA:70,1
DA:71,5
DA:72,1
DA:74,4
DA:78,17
DA:79,1
DA:80,1
DA:81,1
DA:82,1
DA:83,1
DA:84,1
DA:85,1
DA:86,1
DA:87,1
DA:88,1
DA:89,1
DA:90,1
DA:94,1
DA:97,1
DA:99,1
DA:100,1
DA:101,5
DA:103,1
DA:104,1
DA:105,1
DA:106,1
DA:107,1
DA:108,1
DA:110,1
DA:112,1
DA:115,17
DA:125,22
DA:129,4
DA:130,4
DA:157,21
DA:161,2
DA:162,2
DA:185,21
DA:189,2
DA:190,2
LF:72
LH:72
BRDA:40,0,0,4
BRDA:40,0,1,0
BRDA:40,1,0,4
BRDA:40,1,1,4
BRDA:40,1,2,0
BRDA:53,2,0,2
BRDA:53,2,1,0
BRDA:53,3,0,2
BRDA:53,3,1,2
BRDA:53,3,2,0
BRDA:63,4,0,2
BRDA:63,4,1,0
BRDA:63,5,0,2
BRDA:63,5,1,0
BRDA:69,6,0,1
BRDA:69,6,1,5
BRDA:69,7,0,6
BRDA:69,7,1,6
BRDA:71,8,0,1
BRDA:71,8,1,4
BRDA:71,9,0,5
BRDA:71,9,1,5
BRDA:80,10,0,1
BRDA:80,10,1,0
BRDA:80,11,0,1
BRDA:80,11,1,1
BRDA:80,11,2,1
BRDA:101,12,0,0
BRDA:101,12,1,5
BRDA:138,13,0,22
BRDA:138,13,1,12
BRDA:141,14,0,15
BRDA:141,14,1,7
BRDA:170,15,0,21
BRDA:170,15,1,6
BRDA:173,16,0,21
BRDA:173,16,1,14
BRDA:197,17,0,21
BRDA:197,17,1,0
BRDA:202,18,0,21
BRDA:202,18,1,16
BRDA:210,19,0,0
BRDA:210,19,1,17
BRDA:214,20,0,1
BRDA:214,20,1,16
BRF:45
BRH:35
end_of_record
TN:
SF:src/components/ModalAmount/styles.ts
FNF:0
FNH:0
DA:3,1
DA:16,1
DA:44,1
DA:68,1
LF:4
LH:4
BRF:0
BRH:0
end_of_record
TN:
SF:src/context/Currencies.tsx
FN:25,(anonymous_0)
FN:31,(anonymous_1)
FN:63,(anonymous_2)
FNF:3
FNH:3
FNDA:18,(anonymous_0)
FNDA:3,(anonymous_1)
FNDA:24,(anonymous_2)
DA:23,2
DA:25,2
DA:26,18
DA:27,18
DA:28,18
DA:29,18
DA:31,18
DA:36,3
DA:37,3
DA:38,2
DA:40,1
DA:41,1
DA:45,18
DA:63,2
DA:64,24
LF:15
LH:15
BRF:0
BRH:0
end_of_record
TN:
SF:src/context/History.tsx
FN:23,(anonymous_0)
FN:26,(anonymous_1)
FN:32,(anonymous_2)
FN:48,(anonymous_3)
FNF:4
FNH:4
FNDA:13,(anonymous_0)
FNDA:5,(anonymous_1)
FNDA:3,(anonymous_2)
FNDA:25,(anonymous_3)
DA:21,2
DA:23,2
DA:24,13
DA:26,13
DA:27,5
DA:28,5
DA:29,5
DA:32,13
DA:33,3
DA:34,3
DA:35,3
DA:36,3
DA:37,3
DA:38,3
DA:41,13
DA:48,2
DA:49,25
LF:17
LH:17
BRDA:28,0,0,2
BRDA:28,0,1,3
BRDA:34,1,0,1
BRDA:34,1,1,2
BRF:4
BRH:4
end_of_record
TN:
SF:src/model/listCurrencies.ts
FNF:0
FNH:0
DA:1,1
LF:1
LH:1
BRF:0
BRH:0
end_of_record
TN:
SF:src/service/axiosaInstace.ts
FNF:0
FNH:0
DA:3,2
LF:1
LH:1
BRF:0
BRH:0
end_of_record
